2017-12-20 01:42:52.224	INFO net.py: 188: Printing model: generalized_rcnn
2017-12-20 01:42:52.312	INFO net.py: 218: data                        : (2, 3, 800, 1216)    => conv1                       : (2, 64, 400, 608)    ------- (op: Conv)
2017-12-20 01:42:52.336	INFO net.py: 218: conv1                       : (2, 64, 400, 608)    => conv1                       : (2, 64, 400, 608)    ------- (op: AffineChannel)
2017-12-20 01:42:52.416	INFO net.py: 218: conv1                       : (2, 64, 400, 608)    => conv1                       : (2, 64, 400, 608)    ------- (op: Relu)
2017-12-20 01:42:52.431	INFO net.py: 218: conv1                       : (2, 64, 400, 608)    => pool1                       : (2, 64, 200, 304)    ------- (op: MaxPool)
2017-12-20 01:42:52.438	INFO net.py: 218: pool1                       : (2, 64, 200, 304)    => res2_0_branch2a             : (2, 64, 200, 304)    ------- (op: Conv)
2017-12-20 01:42:52.445	INFO net.py: 218: res2_0_branch2a             : (2, 64, 200, 304)    => res2_0_branch2a             : (2, 64, 200, 304)    ------- (op: AffineChannel)
2017-12-20 01:42:52.452	INFO net.py: 218: res2_0_branch2a             : (2, 64, 200, 304)    => res2_0_branch2a             : (2, 64, 200, 304)    ------- (op: Relu)
2017-12-20 01:42:52.462	INFO net.py: 218: res2_0_branch2a             : (2, 64, 200, 304)    => res2_0_branch2b             : (2, 64, 200, 304)    ------- (op: Conv)
2017-12-20 01:42:52.469	INFO net.py: 218: res2_0_branch2b             : (2, 64, 200, 304)    => res2_0_branch2b             : (2, 64, 200, 304)    ------- (op: AffineChannel)
2017-12-20 01:42:52.476	INFO net.py: 218: res2_0_branch2b             : (2, 64, 200, 304)    => res2_0_branch2b             : (2, 64, 200, 304)    ------- (op: Relu)
2017-12-20 01:42:52.496	INFO net.py: 218: res2_0_branch2b             : (2, 64, 200, 304)    => res2_0_branch2c             : (2, 256, 200, 304)   ------- (op: Conv)
2017-12-20 01:42:52.518	INFO net.py: 218: res2_0_branch2c             : (2, 256, 200, 304)   => res2_0_branch2c_bn          : (2, 256, 200, 304)   ------- (op: AffineChannel)
2017-12-20 01:42:52.592	INFO net.py: 218: pool1                       : (2, 64, 200, 304)    => res2_0_branch1              : (2, 256, 200, 304)   ------- (op: Conv)
2017-12-20 01:42:52.615	INFO net.py: 218: res2_0_branch1              : (2, 256, 200, 304)   => res2_0_branch1_bn           : (2, 256, 200, 304)   ------- (op: AffineChannel)
2017-12-20 01:42:52.638	INFO net.py: 218: res2_0_branch2c_bn          : (2, 256, 200, 304)   => res2_0_branch2c_bn          : (2, 256, 200, 304)   ------- (op: Sum)
2017-12-20 01:42:52.650	INFO net.py: 218: res2_0_branch1_bn           : (2, 256, 200, 304)   => res2_0_branch2c_bn          : (2, 256, 200, 304)   ------|
2017-12-20 01:42:52.673	INFO net.py: 218: res2_0_branch2c_bn          : (2, 256, 200, 304)   => res2_0_branch2c_bn          : (2, 256, 200, 304)   ------- (op: Relu)
2017-12-20 01:42:52.688	INFO net.py: 218: res2_0_branch2c_bn          : (2, 256, 200, 304)   => res2_1_branch2a             : (2, 64, 200, 304)    ------- (op: Conv)
2017-12-20 01:42:52.695	INFO net.py: 218: res2_1_branch2a             : (2, 64, 200, 304)    => res2_1_branch2a             : (2, 64, 200, 304)    ------- (op: AffineChannel)
2017-12-20 01:42:52.702	INFO net.py: 218: res2_1_branch2a             : (2, 64, 200, 304)    => res2_1_branch2a             : (2, 64, 200, 304)    ------- (op: Relu)
2017-12-20 01:42:52.710	INFO net.py: 218: res2_1_branch2a             : (2, 64, 200, 304)    => res2_1_branch2b             : (2, 64, 200, 304)    ------- (op: Conv)
2017-12-20 01:42:52.717	INFO net.py: 218: res2_1_branch2b             : (2, 64, 200, 304)    => res2_1_branch2b             : (2, 64, 200, 304)    ------- (op: AffineChannel)
2017-12-20 01:42:52.724	INFO net.py: 218: res2_1_branch2b             : (2, 64, 200, 304)    => res2_1_branch2b             : (2, 64, 200, 304)    ------- (op: Relu)
2017-12-20 01:42:52.739	INFO net.py: 218: res2_1_branch2b             : (2, 64, 200, 304)    => res2_1_branch2c             : (2, 256, 200, 304)   ------- (op: Conv)
2017-12-20 01:42:52.761	INFO net.py: 218: res2_1_branch2c             : (2, 256, 200, 304)   => res2_1_branch2c_bn          : (2, 256, 200, 304)   ------- (op: AffineChannel)
2017-12-20 01:42:52.784	INFO net.py: 218: res2_1_branch2c_bn          : (2, 256, 200, 304)   => res2_1_branch2c_bn          : (2, 256, 200, 304)   ------- (op: Sum)
2017-12-20 01:42:52.796	INFO net.py: 218: res2_0_branch2c_bn          : (2, 256, 200, 304)   => res2_1_branch2c_bn          : (2, 256, 200, 304)   ------|
2017-12-20 01:42:52.819	INFO net.py: 218: res2_1_branch2c_bn          : (2, 256, 200, 304)   => res2_1_branch2c_bn          : (2, 256, 200, 304)   ------- (op: Relu)
2017-12-20 01:42:52.834	INFO net.py: 218: res2_1_branch2c_bn          : (2, 256, 200, 304)   => res2_2_branch2a             : (2, 64, 200, 304)    ------- (op: Conv)
2017-12-20 01:42:52.841	INFO net.py: 218: res2_2_branch2a             : (2, 64, 200, 304)    => res2_2_branch2a             : (2, 64, 200, 304)    ------- (op: AffineChannel)
2017-12-20 01:42:52.848	INFO net.py: 218: res2_2_branch2a             : (2, 64, 200, 304)    => res2_2_branch2a             : (2, 64, 200, 304)    ------- (op: Relu)
2017-12-20 01:42:52.856	INFO net.py: 218: res2_2_branch2a             : (2, 64, 200, 304)    => res2_2_branch2b             : (2, 64, 200, 304)    ------- (op: Conv)
2017-12-20 01:42:52.863	INFO net.py: 218: res2_2_branch2b             : (2, 64, 200, 304)    => res2_2_branch2b             : (2, 64, 200, 304)    ------- (op: AffineChannel)
2017-12-20 01:42:52.870	INFO net.py: 218: res2_2_branch2b             : (2, 64, 200, 304)    => res2_2_branch2b             : (2, 64, 200, 304)    ------- (op: Relu)
2017-12-20 01:42:52.885	INFO net.py: 218: res2_2_branch2b             : (2, 64, 200, 304)    => res2_2_branch2c             : (2, 256, 200, 304)   ------- (op: Conv)
2017-12-20 01:42:52.908	INFO net.py: 218: res2_2_branch2c             : (2, 256, 200, 304)   => res2_2_branch2c_bn          : (2, 256, 200, 304)   ------- (op: AffineChannel)
2017-12-20 01:42:52.931	INFO net.py: 218: res2_2_branch2c_bn          : (2, 256, 200, 304)   => res2_2_sum                  : (2, 256, 200, 304)   ------- (op: Sum)
2017-12-20 01:42:52.943	INFO net.py: 218: res2_1_branch2c_bn          : (2, 256, 200, 304)   => res2_2_sum                  : (2, 256, 200, 304)   ------|
2017-12-20 01:42:52.966	INFO net.py: 218: res2_2_sum                  : (2, 256, 200, 304)   => res2_2_sum                  : (2, 256, 200, 304)   ------- (op: Relu)
2017-12-20 01:42:52.988	INFO net.py: 218: res2_2_sum                  : (2, 256, 200, 304)   => res2_2_sum                  : (2, 256, 200, 304)   ------- (op: StopGradient)
2017-12-20 01:42:53.002	INFO net.py: 218: res2_2_sum                  : (2, 256, 200, 304)   => res3_0_branch2a             : (2, 128, 100, 152)   ------- (op: Conv)
2017-12-20 01:42:53.007	INFO net.py: 218: res3_0_branch2a             : (2, 128, 100, 152)   => res3_0_branch2a             : (2, 128, 100, 152)   ------- (op: AffineChannel)
2017-12-20 01:42:53.012	INFO net.py: 218: res3_0_branch2a             : (2, 128, 100, 152)   => res3_0_branch2a             : (2, 128, 100, 152)   ------- (op: Relu)
2017-12-20 01:42:53.017	INFO net.py: 218: res3_0_branch2a             : (2, 128, 100, 152)   => res3_0_branch2b             : (2, 128, 100, 152)   ------- (op: Conv)
2017-12-20 01:42:53.021	INFO net.py: 218: res3_0_branch2b             : (2, 128, 100, 152)   => res3_0_branch2b             : (2, 128, 100, 152)   ------- (op: AffineChannel)
2017-12-20 01:42:53.026	INFO net.py: 218: res3_0_branch2b             : (2, 128, 100, 152)   => res3_0_branch2b             : (2, 128, 100, 152)   ------- (op: Relu)
2017-12-20 01:42:53.035	INFO net.py: 218: res3_0_branch2b             : (2, 128, 100, 152)   => res3_0_branch2c             : (2, 512, 100, 152)   ------- (op: Conv)
2017-12-20 01:42:53.047	INFO net.py: 218: res3_0_branch2c             : (2, 512, 100, 152)   => res3_0_branch2c_bn          : (2, 512, 100, 152)   ------- (op: AffineChannel)
2017-12-20 01:42:53.065	INFO net.py: 218: res2_2_sum                  : (2, 256, 200, 304)   => res3_0_branch1              : (2, 512, 100, 152)   ------- (op: Conv)
2017-12-20 01:42:53.078	INFO net.py: 218: res3_0_branch1              : (2, 512, 100, 152)   => res3_0_branch1_bn           : (2, 512, 100, 152)   ------- (op: AffineChannel)
2017-12-20 01:42:53.090	INFO net.py: 218: res3_0_branch2c_bn          : (2, 512, 100, 152)   => res3_0_branch2c_bn          : (2, 512, 100, 152)   ------- (op: Sum)
2017-12-20 01:42:53.097	INFO net.py: 218: res3_0_branch1_bn           : (2, 512, 100, 152)   => res3_0_branch2c_bn          : (2, 512, 100, 152)   ------|
2017-12-20 01:42:53.112	INFO net.py: 218: res3_0_branch2c_bn          : (2, 512, 100, 152)   => res3_0_branch2c_bn          : (2, 512, 100, 152)   ------- (op: Relu)
2017-12-20 01:42:53.121	INFO net.py: 218: res3_0_branch2c_bn          : (2, 512, 100, 152)   => res3_1_branch2a             : (2, 128, 100, 152)   ------- (op: Conv)
2017-12-20 01:42:53.125	INFO net.py: 218: res3_1_branch2a             : (2, 128, 100, 152)   => res3_1_branch2a             : (2, 128, 100, 152)   ------- (op: AffineChannel)
2017-12-20 01:42:53.130	INFO net.py: 218: res3_1_branch2a             : (2, 128, 100, 152)   => res3_1_branch2a             : (2, 128, 100, 152)   ------- (op: Relu)
2017-12-20 01:42:53.134	INFO net.py: 218: res3_1_branch2a             : (2, 128, 100, 152)   => res3_1_branch2b             : (2, 128, 100, 152)   ------- (op: Conv)
2017-12-20 01:42:53.139	INFO net.py: 218: res3_1_branch2b             : (2, 128, 100, 152)   => res3_1_branch2b             : (2, 128, 100, 152)   ------- (op: AffineChannel)
2017-12-20 01:42:53.143	INFO net.py: 218: res3_1_branch2b             : (2, 128, 100, 152)   => res3_1_branch2b             : (2, 128, 100, 152)   ------- (op: Relu)
2017-12-20 01:42:53.152	INFO net.py: 218: res3_1_branch2b             : (2, 128, 100, 152)   => res3_1_branch2c             : (2, 512, 100, 152)   ------- (op: Conv)
2017-12-20 01:42:53.164	INFO net.py: 218: res3_1_branch2c             : (2, 512, 100, 152)   => res3_1_branch2c_bn          : (2, 512, 100, 152)   ------- (op: AffineChannel)
2017-12-20 01:42:53.177	INFO net.py: 218: res3_1_branch2c_bn          : (2, 512, 100, 152)   => res3_1_branch2c_bn          : (2, 512, 100, 152)   ------- (op: Sum)
2017-12-20 01:42:53.184	INFO net.py: 218: res3_0_branch2c_bn          : (2, 512, 100, 152)   => res3_1_branch2c_bn          : (2, 512, 100, 152)   ------|
2017-12-20 01:42:53.196	INFO net.py: 218: res3_1_branch2c_bn          : (2, 512, 100, 152)   => res3_1_branch2c_bn          : (2, 512, 100, 152)   ------- (op: Relu)
2017-12-20 01:42:53.204	INFO net.py: 218: res3_1_branch2c_bn          : (2, 512, 100, 152)   => res3_2_branch2a             : (2, 128, 100, 152)   ------- (op: Conv)
2017-12-20 01:42:53.209	INFO net.py: 218: res3_2_branch2a             : (2, 128, 100, 152)   => res3_2_branch2a             : (2, 128, 100, 152)   ------- (op: AffineChannel)
2017-12-20 01:42:53.213	INFO net.py: 218: res3_2_branch2a             : (2, 128, 100, 152)   => res3_2_branch2a             : (2, 128, 100, 152)   ------- (op: Relu)
2017-12-20 01:42:53.217	INFO net.py: 218: res3_2_branch2a             : (2, 128, 100, 152)   => res3_2_branch2b             : (2, 128, 100, 152)   ------- (op: Conv)
2017-12-20 01:42:53.222	INFO net.py: 218: res3_2_branch2b             : (2, 128, 100, 152)   => res3_2_branch2b             : (2, 128, 100, 152)   ------- (op: AffineChannel)
2017-12-20 01:42:53.226	INFO net.py: 218: res3_2_branch2b             : (2, 128, 100, 152)   => res3_2_branch2b             : (2, 128, 100, 152)   ------- (op: Relu)
2017-12-20 01:42:53.235	INFO net.py: 218: res3_2_branch2b             : (2, 128, 100, 152)   => res3_2_branch2c             : (2, 512, 100, 152)   ------- (op: Conv)
2017-12-20 01:42:53.247	INFO net.py: 218: res3_2_branch2c             : (2, 512, 100, 152)   => res3_2_branch2c_bn          : (2, 512, 100, 152)   ------- (op: AffineChannel)
2017-12-20 01:42:53.259	INFO net.py: 218: res3_2_branch2c_bn          : (2, 512, 100, 152)   => res3_2_branch2c_bn          : (2, 512, 100, 152)   ------- (op: Sum)
2017-12-20 01:42:53.266	INFO net.py: 218: res3_1_branch2c_bn          : (2, 512, 100, 152)   => res3_2_branch2c_bn          : (2, 512, 100, 152)   ------|
2017-12-20 01:42:53.278	INFO net.py: 218: res3_2_branch2c_bn          : (2, 512, 100, 152)   => res3_2_branch2c_bn          : (2, 512, 100, 152)   ------- (op: Relu)
2017-12-20 01:42:53.287	INFO net.py: 218: res3_2_branch2c_bn          : (2, 512, 100, 152)   => res3_3_branch2a             : (2, 128, 100, 152)   ------- (op: Conv)
2017-12-20 01:42:53.292	INFO net.py: 218: res3_3_branch2a             : (2, 128, 100, 152)   => res3_3_branch2a             : (2, 128, 100, 152)   ------- (op: AffineChannel)
2017-12-20 01:42:53.296	INFO net.py: 218: res3_3_branch2a             : (2, 128, 100, 152)   => res3_3_branch2a             : (2, 128, 100, 152)   ------- (op: Relu)
2017-12-20 01:42:53.301	INFO net.py: 218: res3_3_branch2a             : (2, 128, 100, 152)   => res3_3_branch2b             : (2, 128, 100, 152)   ------- (op: Conv)
2017-12-20 01:42:53.305	INFO net.py: 218: res3_3_branch2b             : (2, 128, 100, 152)   => res3_3_branch2b             : (2, 128, 100, 152)   ------- (op: AffineChannel)
2017-12-20 01:42:53.310	INFO net.py: 218: res3_3_branch2b             : (2, 128, 100, 152)   => res3_3_branch2b             : (2, 128, 100, 152)   ------- (op: Relu)
2017-12-20 01:42:53.318	INFO net.py: 218: res3_3_branch2b             : (2, 128, 100, 152)   => res3_3_branch2c             : (2, 512, 100, 152)   ------- (op: Conv)
2017-12-20 01:42:53.331	INFO net.py: 218: res3_3_branch2c             : (2, 512, 100, 152)   => res3_3_branch2c_bn          : (2, 512, 100, 152)   ------- (op: AffineChannel)
2017-12-20 01:42:53.343	INFO net.py: 218: res3_3_branch2c_bn          : (2, 512, 100, 152)   => res3_3_sum                  : (2, 512, 100, 152)   ------- (op: Sum)
2017-12-20 01:42:53.351	INFO net.py: 218: res3_2_branch2c_bn          : (2, 512, 100, 152)   => res3_3_sum                  : (2, 512, 100, 152)   ------|
2017-12-20 01:42:53.363	INFO net.py: 218: res3_3_sum                  : (2, 512, 100, 152)   => res3_3_sum                  : (2, 512, 100, 152)   ------- (op: Relu)
2017-12-20 01:42:53.371	INFO net.py: 218: res3_3_sum                  : (2, 512, 100, 152)   => res4_0_branch2a             : (2, 256, 50, 76)     ------- (op: Conv)
2017-12-20 01:42:53.374	INFO net.py: 218: res4_0_branch2a             : (2, 256, 50, 76)     => res4_0_branch2a             : (2, 256, 50, 76)     ------- (op: AffineChannel)
2017-12-20 01:42:53.377	INFO net.py: 218: res4_0_branch2a             : (2, 256, 50, 76)     => res4_0_branch2a             : (2, 256, 50, 76)     ------- (op: Relu)
2017-12-20 01:42:53.380	INFO net.py: 218: res4_0_branch2a             : (2, 256, 50, 76)     => res4_0_branch2b             : (2, 256, 50, 76)     ------- (op: Conv)
2017-12-20 01:42:53.383	INFO net.py: 218: res4_0_branch2b             : (2, 256, 50, 76)     => res4_0_branch2b             : (2, 256, 50, 76)     ------- (op: AffineChannel)
2017-12-20 01:42:53.386	INFO net.py: 218: res4_0_branch2b             : (2, 256, 50, 76)     => res4_0_branch2b             : (2, 256, 50, 76)     ------- (op: Relu)
2017-12-20 01:42:53.391	INFO net.py: 218: res4_0_branch2b             : (2, 256, 50, 76)     => res4_0_branch2c             : (2, 1024, 50, 76)    ------- (op: Conv)
2017-12-20 01:42:53.398	INFO net.py: 218: res4_0_branch2c             : (2, 1024, 50, 76)    => res4_0_branch2c_bn          : (2, 1024, 50, 76)    ------- (op: AffineChannel)
2017-12-20 01:42:53.408	INFO net.py: 218: res3_3_sum                  : (2, 512, 100, 152)   => res4_0_branch1              : (2, 1024, 50, 76)    ------- (op: Conv)
2017-12-20 01:42:53.415	INFO net.py: 218: res4_0_branch1              : (2, 1024, 50, 76)    => res4_0_branch1_bn           : (2, 1024, 50, 76)    ------- (op: AffineChannel)
2017-12-20 01:42:53.422	INFO net.py: 218: res4_0_branch2c_bn          : (2, 1024, 50, 76)    => res4_0_branch2c_bn          : (2, 1024, 50, 76)    ------- (op: Sum)
2017-12-20 01:42:53.426	INFO net.py: 218: res4_0_branch1_bn           : (2, 1024, 50, 76)    => res4_0_branch2c_bn          : (2, 1024, 50, 76)    ------|
2017-12-20 01:42:53.433	INFO net.py: 218: res4_0_branch2c_bn          : (2, 1024, 50, 76)    => res4_0_branch2c_bn          : (2, 1024, 50, 76)    ------- (op: Relu)
2017-12-20 01:42:53.438	INFO net.py: 218: res4_0_branch2c_bn          : (2, 1024, 50, 76)    => res4_1_branch2a             : (2, 256, 50, 76)     ------- (op: Conv)
2017-12-20 01:42:53.441	INFO net.py: 218: res4_1_branch2a             : (2, 256, 50, 76)     => res4_1_branch2a             : (2, 256, 50, 76)     ------- (op: AffineChannel)
2017-12-20 01:42:53.444	INFO net.py: 218: res4_1_branch2a             : (2, 256, 50, 76)     => res4_1_branch2a             : (2, 256, 50, 76)     ------- (op: Relu)
2017-12-20 01:42:53.447	INFO net.py: 218: res4_1_branch2a             : (2, 256, 50, 76)     => res4_1_branch2b             : (2, 256, 50, 76)     ------- (op: Conv)
2017-12-20 01:42:53.451	INFO net.py: 218: res4_1_branch2b             : (2, 256, 50, 76)     => res4_1_branch2b             : (2, 256, 50, 76)     ------- (op: AffineChannel)
2017-12-20 01:42:53.454	INFO net.py: 218: res4_1_branch2b             : (2, 256, 50, 76)     => res4_1_branch2b             : (2, 256, 50, 76)     ------- (op: Relu)
2017-12-20 01:42:53.459	INFO net.py: 218: res4_1_branch2b             : (2, 256, 50, 76)     => res4_1_branch2c             : (2, 1024, 50, 76)    ------- (op: Conv)
2017-12-20 01:42:53.466	INFO net.py: 218: res4_1_branch2c             : (2, 1024, 50, 76)    => res4_1_branch2c_bn          : (2, 1024, 50, 76)    ------- (op: AffineChannel)
2017-12-20 01:42:53.474	INFO net.py: 218: res4_1_branch2c_bn          : (2, 1024, 50, 76)    => res4_1_branch2c_bn          : (2, 1024, 50, 76)    ------- (op: Sum)
2017-12-20 01:42:53.478	INFO net.py: 218: res4_0_branch2c_bn          : (2, 1024, 50, 76)    => res4_1_branch2c_bn          : (2, 1024, 50, 76)    ------|
2017-12-20 01:42:53.485	INFO net.py: 218: res4_1_branch2c_bn          : (2, 1024, 50, 76)    => res4_1_branch2c_bn          : (2, 1024, 50, 76)    ------- (op: Relu)
2017-12-20 01:42:53.490	INFO net.py: 218: res4_1_branch2c_bn          : (2, 1024, 50, 76)    => res4_2_branch2a             : (2, 256, 50, 76)     ------- (op: Conv)
2017-12-20 01:42:53.493	INFO net.py: 218: res4_2_branch2a             : (2, 256, 50, 76)     => res4_2_branch2a             : (2, 256, 50, 76)     ------- (op: AffineChannel)
2017-12-20 01:42:53.497	INFO net.py: 218: res4_2_branch2a             : (2, 256, 50, 76)     => res4_2_branch2a             : (2, 256, 50, 76)     ------- (op: Relu)
2017-12-20 01:42:53.500	INFO net.py: 218: res4_2_branch2a             : (2, 256, 50, 76)     => res4_2_branch2b             : (2, 256, 50, 76)     ------- (op: Conv)
2017-12-20 01:42:53.503	INFO net.py: 218: res4_2_branch2b             : (2, 256, 50, 76)     => res4_2_branch2b             : (2, 256, 50, 76)     ------- (op: AffineChannel)
2017-12-20 01:42:53.507	INFO net.py: 218: res4_2_branch2b             : (2, 256, 50, 76)     => res4_2_branch2b             : (2, 256, 50, 76)     ------- (op: Relu)
2017-12-20 01:42:53.512	INFO net.py: 218: res4_2_branch2b             : (2, 256, 50, 76)     => res4_2_branch2c             : (2, 1024, 50, 76)    ------- (op: Conv)
2017-12-20 01:42:53.519	INFO net.py: 218: res4_2_branch2c             : (2, 1024, 50, 76)    => res4_2_branch2c_bn          : (2, 1024, 50, 76)    ------- (op: AffineChannel)
2017-12-20 01:42:53.527	INFO net.py: 218: res4_2_branch2c_bn          : (2, 1024, 50, 76)    => res4_2_branch2c_bn          : (2, 1024, 50, 76)    ------- (op: Sum)
2017-12-20 01:42:53.531	INFO net.py: 218: res4_1_branch2c_bn          : (2, 1024, 50, 76)    => res4_2_branch2c_bn          : (2, 1024, 50, 76)    ------|
2017-12-20 01:42:53.538	INFO net.py: 218: res4_2_branch2c_bn          : (2, 1024, 50, 76)    => res4_2_branch2c_bn          : (2, 1024, 50, 76)    ------- (op: Relu)
2017-12-20 01:42:53.543	INFO net.py: 218: res4_2_branch2c_bn          : (2, 1024, 50, 76)    => res4_3_branch2a             : (2, 256, 50, 76)     ------- (op: Conv)
2017-12-20 01:42:53.547	INFO net.py: 218: res4_3_branch2a             : (2, 256, 50, 76)     => res4_3_branch2a             : (2, 256, 50, 76)     ------- (op: AffineChannel)
2017-12-20 01:42:53.550	INFO net.py: 218: res4_3_branch2a             : (2, 256, 50, 76)     => res4_3_branch2a             : (2, 256, 50, 76)     ------- (op: Relu)
2017-12-20 01:42:53.554	INFO net.py: 218: res4_3_branch2a             : (2, 256, 50, 76)     => res4_3_branch2b             : (2, 256, 50, 76)     ------- (op: Conv)
2017-12-20 01:42:53.557	INFO net.py: 218: res4_3_branch2b             : (2, 256, 50, 76)     => res4_3_branch2b             : (2, 256, 50, 76)     ------- (op: AffineChannel)
2017-12-20 01:42:53.561	INFO net.py: 218: res4_3_branch2b             : (2, 256, 50, 76)     => res4_3_branch2b             : (2, 256, 50, 76)     ------- (op: Relu)
2017-12-20 01:42:53.566	INFO net.py: 218: res4_3_branch2b             : (2, 256, 50, 76)     => res4_3_branch2c             : (2, 1024, 50, 76)    ------- (op: Conv)
2017-12-20 01:42:53.573	INFO net.py: 218: res4_3_branch2c             : (2, 1024, 50, 76)    => res4_3_branch2c_bn          : (2, 1024, 50, 76)    ------- (op: AffineChannel)
2017-12-20 01:42:53.580	INFO net.py: 218: res4_3_branch2c_bn          : (2, 1024, 50, 76)    => res4_3_branch2c_bn          : (2, 1024, 50, 76)    ------- (op: Sum)
2017-12-20 01:42:53.585	INFO net.py: 218: res4_2_branch2c_bn          : (2, 1024, 50, 76)    => res4_3_branch2c_bn          : (2, 1024, 50, 76)    ------|
2017-12-20 01:42:53.591	INFO net.py: 218: res4_3_branch2c_bn          : (2, 1024, 50, 76)    => res4_3_branch2c_bn          : (2, 1024, 50, 76)    ------- (op: Relu)
2017-12-20 01:42:53.596	INFO net.py: 218: res4_3_branch2c_bn          : (2, 1024, 50, 76)    => res4_4_branch2a             : (2, 256, 50, 76)     ------- (op: Conv)
2017-12-20 01:42:53.599	INFO net.py: 218: res4_4_branch2a             : (2, 256, 50, 76)     => res4_4_branch2a             : (2, 256, 50, 76)     ------- (op: AffineChannel)
2017-12-20 01:42:53.603	INFO net.py: 218: res4_4_branch2a             : (2, 256, 50, 76)     => res4_4_branch2a             : (2, 256, 50, 76)     ------- (op: Relu)
2017-12-20 01:42:53.606	INFO net.py: 218: res4_4_branch2a             : (2, 256, 50, 76)     => res4_4_branch2b             : (2, 256, 50, 76)     ------- (op: Conv)
2017-12-20 01:42:53.609	INFO net.py: 218: res4_4_branch2b             : (2, 256, 50, 76)     => res4_4_branch2b             : (2, 256, 50, 76)     ------- (op: AffineChannel)
2017-12-20 01:42:53.613	INFO net.py: 218: res4_4_branch2b             : (2, 256, 50, 76)     => res4_4_branch2b             : (2, 256, 50, 76)     ------- (op: Relu)
2017-12-20 01:42:53.618	INFO net.py: 218: res4_4_branch2b             : (2, 256, 50, 76)     => res4_4_branch2c             : (2, 1024, 50, 76)    ------- (op: Conv)
2017-12-20 01:42:53.625	INFO net.py: 218: res4_4_branch2c             : (2, 1024, 50, 76)    => res4_4_branch2c_bn          : (2, 1024, 50, 76)    ------- (op: AffineChannel)
2017-12-20 01:42:53.632	INFO net.py: 218: res4_4_branch2c_bn          : (2, 1024, 50, 76)    => res4_4_branch2c_bn          : (2, 1024, 50, 76)    ------- (op: Sum)
2017-12-20 01:42:53.636	INFO net.py: 218: res4_3_branch2c_bn          : (2, 1024, 50, 76)    => res4_4_branch2c_bn          : (2, 1024, 50, 76)    ------|
2017-12-20 01:42:53.644	INFO net.py: 218: res4_4_branch2c_bn          : (2, 1024, 50, 76)    => res4_4_branch2c_bn          : (2, 1024, 50, 76)    ------- (op: Relu)
2017-12-20 01:42:53.649	INFO net.py: 218: res4_4_branch2c_bn          : (2, 1024, 50, 76)    => res4_5_branch2a             : (2, 256, 50, 76)     ------- (op: Conv)
2017-12-20 01:42:53.652	INFO net.py: 218: res4_5_branch2a             : (2, 256, 50, 76)     => res4_5_branch2a             : (2, 256, 50, 76)     ------- (op: AffineChannel)
2017-12-20 01:42:53.655	INFO net.py: 218: res4_5_branch2a             : (2, 256, 50, 76)     => res4_5_branch2a             : (2, 256, 50, 76)     ------- (op: Relu)
2017-12-20 01:42:53.659	INFO net.py: 218: res4_5_branch2a             : (2, 256, 50, 76)     => res4_5_branch2b             : (2, 256, 50, 76)     ------- (op: Conv)
2017-12-20 01:42:53.662	INFO net.py: 218: res4_5_branch2b             : (2, 256, 50, 76)     => res4_5_branch2b             : (2, 256, 50, 76)     ------- (op: AffineChannel)
2017-12-20 01:42:53.666	INFO net.py: 218: res4_5_branch2b             : (2, 256, 50, 76)     => res4_5_branch2b             : (2, 256, 50, 76)     ------- (op: Relu)
2017-12-20 01:42:53.671	INFO net.py: 218: res4_5_branch2b             : (2, 256, 50, 76)     => res4_5_branch2c             : (2, 1024, 50, 76)    ------- (op: Conv)
2017-12-20 01:42:53.678	INFO net.py: 218: res4_5_branch2c             : (2, 1024, 50, 76)    => res4_5_branch2c_bn          : (2, 1024, 50, 76)    ------- (op: AffineChannel)
2017-12-20 01:42:53.685	INFO net.py: 218: res4_5_branch2c_bn          : (2, 1024, 50, 76)    => res4_5_sum                  : (2, 1024, 50, 76)    ------- (op: Sum)
2017-12-20 01:42:53.690	INFO net.py: 218: res4_4_branch2c_bn          : (2, 1024, 50, 76)    => res4_5_sum                  : (2, 1024, 50, 76)    ------|
2017-12-20 01:42:53.697	INFO net.py: 218: res4_5_sum                  : (2, 1024, 50, 76)    => res4_5_sum                  : (2, 1024, 50, 76)    ------- (op: Relu)
2017-12-20 01:42:53.702	INFO net.py: 218: res4_5_sum                  : (2, 1024, 50, 76)    => res5_0_branch2a             : (2, 512, 25, 38)     ------- (op: Conv)
2017-12-20 01:42:53.704	INFO net.py: 218: res5_0_branch2a             : (2, 512, 25, 38)     => res5_0_branch2a             : (2, 512, 25, 38)     ------- (op: AffineChannel)
2017-12-20 01:42:53.707	INFO net.py: 218: res5_0_branch2a             : (2, 512, 25, 38)     => res5_0_branch2a             : (2, 512, 25, 38)     ------- (op: Relu)
2017-12-20 01:42:53.710	INFO net.py: 218: res5_0_branch2a             : (2, 512, 25, 38)     => res5_0_branch2b             : (2, 512, 25, 38)     ------- (op: Conv)
2017-12-20 01:42:53.712	INFO net.py: 218: res5_0_branch2b             : (2, 512, 25, 38)     => res5_0_branch2b             : (2, 512, 25, 38)     ------- (op: AffineChannel)
2017-12-20 01:42:53.715	INFO net.py: 218: res5_0_branch2b             : (2, 512, 25, 38)     => res5_0_branch2b             : (2, 512, 25, 38)     ------- (op: Relu)
2017-12-20 01:42:53.719	INFO net.py: 218: res5_0_branch2b             : (2, 512, 25, 38)     => res5_0_branch2c             : (2, 2048, 25, 38)    ------- (op: Conv)
2017-12-20 01:42:53.724	INFO net.py: 218: res5_0_branch2c             : (2, 2048, 25, 38)    => res5_0_branch2c_bn          : (2, 2048, 25, 38)    ------- (op: AffineChannel)
2017-12-20 01:42:53.730	INFO net.py: 218: res4_5_sum                  : (2, 1024, 50, 76)    => res5_0_branch1              : (2, 2048, 25, 38)    ------- (op: Conv)
2017-12-20 01:42:53.734	INFO net.py: 218: res5_0_branch1              : (2, 2048, 25, 38)    => res5_0_branch1_bn           : (2, 2048, 25, 38)    ------- (op: AffineChannel)
2017-12-20 01:42:53.739	INFO net.py: 218: res5_0_branch2c_bn          : (2, 2048, 25, 38)    => res5_0_branch2c_bn          : (2, 2048, 25, 38)    ------- (op: Sum)
2017-12-20 01:42:53.742	INFO net.py: 218: res5_0_branch1_bn           : (2, 2048, 25, 38)    => res5_0_branch2c_bn          : (2, 2048, 25, 38)    ------|
2017-12-20 01:42:53.747	INFO net.py: 218: res5_0_branch2c_bn          : (2, 2048, 25, 38)    => res5_0_branch2c_bn          : (2, 2048, 25, 38)    ------- (op: Relu)
2017-12-20 01:42:53.750	INFO net.py: 218: res5_0_branch2c_bn          : (2, 2048, 25, 38)    => res5_1_branch2a             : (2, 512, 25, 38)     ------- (op: Conv)
2017-12-20 01:42:53.753	INFO net.py: 218: res5_1_branch2a             : (2, 512, 25, 38)     => res5_1_branch2a             : (2, 512, 25, 38)     ------- (op: AffineChannel)
2017-12-20 01:42:53.756	INFO net.py: 218: res5_1_branch2a             : (2, 512, 25, 38)     => res5_1_branch2a             : (2, 512, 25, 38)     ------- (op: Relu)
2017-12-20 01:42:53.758	INFO net.py: 218: res5_1_branch2a             : (2, 512, 25, 38)     => res5_1_branch2b             : (2, 512, 25, 38)     ------- (op: Conv)
2017-12-20 01:42:53.761	INFO net.py: 218: res5_1_branch2b             : (2, 512, 25, 38)     => res5_1_branch2b             : (2, 512, 25, 38)     ------- (op: AffineChannel)
2017-12-20 01:42:53.764	INFO net.py: 218: res5_1_branch2b             : (2, 512, 25, 38)     => res5_1_branch2b             : (2, 512, 25, 38)     ------- (op: Relu)
2017-12-20 01:42:53.768	INFO net.py: 218: res5_1_branch2b             : (2, 512, 25, 38)     => res5_1_branch2c             : (2, 2048, 25, 38)    ------- (op: Conv)
2017-12-20 01:42:53.772	INFO net.py: 218: res5_1_branch2c             : (2, 2048, 25, 38)    => res5_1_branch2c_bn          : (2, 2048, 25, 38)    ------- (op: AffineChannel)
2017-12-20 01:42:53.777	INFO net.py: 218: res5_1_branch2c_bn          : (2, 2048, 25, 38)    => res5_1_branch2c_bn          : (2, 2048, 25, 38)    ------- (op: Sum)
2017-12-20 01:42:53.780	INFO net.py: 218: res5_0_branch2c_bn          : (2, 2048, 25, 38)    => res5_1_branch2c_bn          : (2, 2048, 25, 38)    ------|
2017-12-20 01:42:53.784	INFO net.py: 218: res5_1_branch2c_bn          : (2, 2048, 25, 38)    => res5_1_branch2c_bn          : (2, 2048, 25, 38)    ------- (op: Relu)
2017-12-20 01:42:53.787	INFO net.py: 218: res5_1_branch2c_bn          : (2, 2048, 25, 38)    => res5_2_branch2a             : (2, 512, 25, 38)     ------- (op: Conv)
2017-12-20 01:42:53.790	INFO net.py: 218: res5_2_branch2a             : (2, 512, 25, 38)     => res5_2_branch2a             : (2, 512, 25, 38)     ------- (op: AffineChannel)
2017-12-20 01:42:53.793	INFO net.py: 218: res5_2_branch2a             : (2, 512, 25, 38)     => res5_2_branch2a             : (2, 512, 25, 38)     ------- (op: Relu)
2017-12-20 01:42:53.795	INFO net.py: 218: res5_2_branch2a             : (2, 512, 25, 38)     => res5_2_branch2b             : (2, 512, 25, 38)     ------- (op: Conv)
2017-12-20 01:42:53.797	INFO net.py: 218: res5_2_branch2b             : (2, 512, 25, 38)     => res5_2_branch2b             : (2, 512, 25, 38)     ------- (op: AffineChannel)
2017-12-20 01:42:53.800	INFO net.py: 218: res5_2_branch2b             : (2, 512, 25, 38)     => res5_2_branch2b             : (2, 512, 25, 38)     ------- (op: Relu)
2017-12-20 01:42:53.803	INFO net.py: 218: res5_2_branch2b             : (2, 512, 25, 38)     => res5_2_branch2c             : (2, 2048, 25, 38)    ------- (op: Conv)
2017-12-20 01:42:53.808	INFO net.py: 218: res5_2_branch2c             : (2, 2048, 25, 38)    => res5_2_branch2c_bn          : (2, 2048, 25, 38)    ------- (op: AffineChannel)
2017-12-20 01:42:53.812	INFO net.py: 218: res5_2_branch2c_bn          : (2, 2048, 25, 38)    => res5_2_sum                  : (2, 2048, 25, 38)    ------- (op: Sum)
2017-12-20 01:42:53.815	INFO net.py: 218: res5_1_branch2c_bn          : (2, 2048, 25, 38)    => res5_2_sum                  : (2, 2048, 25, 38)    ------|
2017-12-20 01:42:53.820	INFO net.py: 218: res5_2_sum                  : (2, 2048, 25, 38)    => res5_2_sum                  : (2, 2048, 25, 38)    ------- (op: Relu)
2017-12-20 01:42:53.823	INFO net.py: 218: res5_2_sum                  : (2, 2048, 25, 38)    => fpn_inner_res5_2_sum        : (2, 256, 25, 38)     ------- (op: Conv)
2017-12-20 01:42:53.828	INFO net.py: 218: res4_5_sum                  : (2, 1024, 50, 76)    => fpn_inner_res4_5_sum_lateral: (2, 256, 50, 76)     ------- (op: Conv)
2017-12-20 01:42:53.831	INFO net.py: 218: fpn_inner_res5_2_sum        : (2, 256, 25, 38)     => fpn_inner_res4_5_sum_topdown: (2, 256, 50, 76)     ------- (op: UpsampleNearest)
2017-12-20 01:42:53.834	INFO net.py: 218: fpn_inner_res4_5_sum_lateral: (2, 256, 50, 76)     => fpn_inner_res4_5_sum        : (2, 256, 50, 76)     ------- (op: Sum)
2017-12-20 01:42:53.837	INFO net.py: 218: fpn_inner_res4_5_sum_topdown: (2, 256, 50, 76)     => fpn_inner_res4_5_sum        : (2, 256, 50, 76)     ------|
2017-12-20 01:42:53.846	INFO net.py: 218: res3_3_sum                  : (2, 512, 100, 152)   => fpn_inner_res3_3_sum_lateral: (2, 256, 100, 152)   ------- (op: Conv)
2017-12-20 01:42:53.852	INFO net.py: 218: fpn_inner_res4_5_sum        : (2, 256, 50, 76)     => fpn_inner_res3_3_sum_topdown: (2, 256, 100, 152)   ------- (op: UpsampleNearest)
2017-12-20 01:42:53.858	INFO net.py: 218: fpn_inner_res3_3_sum_lateral: (2, 256, 100, 152)   => fpn_inner_res3_3_sum        : (2, 256, 100, 152)   ------- (op: Sum)
2017-12-20 01:42:53.863	INFO net.py: 218: fpn_inner_res3_3_sum_topdown: (2, 256, 100, 152)   => fpn_inner_res3_3_sum        : (2, 256, 100, 152)   ------|
2017-12-20 01:42:53.886	INFO net.py: 218: res2_2_sum                  : (2, 256, 200, 304)   => fpn_inner_res2_2_sum_lateral: (2, 256, 200, 304)   ------- (op: Conv)
2017-12-20 01:42:53.902	INFO net.py: 218: fpn_inner_res3_3_sum        : (2, 256, 100, 152)   => fpn_inner_res2_2_sum_topdown: (2, 256, 200, 304)   ------- (op: UpsampleNearest)
2017-12-20 01:42:53.924	INFO net.py: 218: fpn_inner_res2_2_sum_lateral: (2, 256, 200, 304)   => fpn_inner_res2_2_sum        : (2, 256, 200, 304)   ------- (op: Sum)
2017-12-20 01:42:53.937	INFO net.py: 218: fpn_inner_res2_2_sum_topdown: (2, 256, 200, 304)   => fpn_inner_res2_2_sum        : (2, 256, 200, 304)   ------|
2017-12-20 01:42:53.939	INFO net.py: 218: fpn_inner_res5_2_sum        : (2, 256, 25, 38)     => fpn_res5_2_sum              : (2, 256, 25, 38)     ------- (op: Conv)
2017-12-20 01:42:53.943	INFO net.py: 218: fpn_inner_res4_5_sum        : (2, 256, 50, 76)     => fpn_res4_5_sum              : (2, 256, 50, 76)     ------- (op: Conv)
2017-12-20 01:42:53.950	INFO net.py: 218: fpn_inner_res3_3_sum        : (2, 256, 100, 152)   => fpn_res3_3_sum              : (2, 256, 100, 152)   ------- (op: Conv)
2017-12-20 01:42:53.974	INFO net.py: 218: fpn_inner_res2_2_sum        : (2, 256, 200, 304)   => fpn_res2_2_sum              : (2, 256, 200, 304)   ------- (op: Conv)
2017-12-20 01:42:53.977	INFO net.py: 218: fpn_res5_2_sum              : (2, 256, 25, 38)     => fpn_res5_2_sum_subsampled_2x: (2, 256, 13, 19)     ------- (op: MaxPool)
2017-12-20 01:42:54.000	INFO net.py: 218: fpn_res2_2_sum              : (2, 256, 200, 304)   => conv_rpn_fpn2               : (2, 256, 200, 304)   ------- (op: Conv)
2017-12-20 01:42:54.023	INFO net.py: 218: conv_rpn_fpn2               : (2, 256, 200, 304)   => conv_rpn_fpn2               : (2, 256, 200, 304)   ------- (op: Relu)
2017-12-20 01:42:54.036	INFO net.py: 218: conv_rpn_fpn2               : (2, 256, 200, 304)   => rpn_cls_logits_fpn2         : (2, 3, 200, 304)     ------- (op: Conv)
2017-12-20 01:42:54.050	INFO net.py: 218: conv_rpn_fpn2               : (2, 256, 200, 304)   => rpn_bbox_pred_fpn2          : (2, 12, 200, 304)    ------- (op: Conv)
2017-12-20 01:42:54.052	INFO net.py: 218: rpn_cls_logits_fpn2         : (2, 3, 200, 304)     => rpn_cls_probs_fpn2          : (2, 3, 200, 304)     ------- (op: Sigmoid)
2017-12-20 01:42:54.054	INFO net.py: 218: rpn_cls_probs_fpn2          : (2, 3, 200, 304)     => rpn_rois_fpn2               : (2436, 5)            ------- (op: Python:GenerateProposalsOp:gpu_0/rpn_cls_probs_fpn2,gpu_0/rpn_bbox_pred_fpn2,im_info)
2017-12-20 01:42:54.057	INFO net.py: 218: rpn_bbox_pred_fpn2          : (2, 12, 200, 304)    => rpn_rois_fpn2               : (2436, 5)            ------|
2017-12-20 01:42:54.059	INFO net.py: 218: im_info                     : (2, 3)               => rpn_rois_fpn2               : (2436, 5)            ------|
2017-12-20 01:42:54.066	INFO net.py: 218: fpn_res3_3_sum              : (2, 256, 100, 152)   => conv_rpn_fpn3               : (2, 256, 100, 152)   ------- (op: Conv)
2017-12-20 01:42:54.073	INFO net.py: 218: conv_rpn_fpn3               : (2, 256, 100, 152)   => conv_rpn_fpn3               : (2, 256, 100, 152)   ------- (op: Relu)
2017-12-20 01:42:54.078	INFO net.py: 218: conv_rpn_fpn3               : (2, 256, 100, 152)   => rpn_cls_logits_fpn3         : (2, 3, 100, 152)     ------- (op: Conv)
2017-12-20 01:42:54.083	INFO net.py: 218: conv_rpn_fpn3               : (2, 256, 100, 152)   => rpn_bbox_pred_fpn3          : (2, 12, 100, 152)    ------- (op: Conv)
2017-12-20 01:42:54.086	INFO net.py: 218: rpn_cls_logits_fpn3         : (2, 3, 100, 152)     => rpn_cls_probs_fpn3          : (2, 3, 100, 152)     ------- (op: Sigmoid)
2017-12-20 01:42:54.088	INFO net.py: 218: rpn_cls_probs_fpn3          : (2, 3, 100, 152)     => rpn_rois_fpn3               : (2093, 5)            ------- (op: Python:GenerateProposalsOp:gpu_0/rpn_cls_probs_fpn3,gpu_0/rpn_bbox_pred_fpn3,im_info)
2017-12-20 01:42:54.089	INFO net.py: 218: rpn_bbox_pred_fpn3          : (2, 12, 100, 152)    => rpn_rois_fpn3               : (2093, 5)            ------|
2017-12-20 01:42:54.091	INFO net.py: 218: im_info                     : (2, 3)               => rpn_rois_fpn3               : (2093, 5)            ------|
2017-12-20 01:42:54.094	INFO net.py: 218: fpn_res4_5_sum              : (2, 256, 50, 76)     => conv_rpn_fpn4               : (2, 256, 50, 76)     ------- (op: Conv)
2017-12-20 01:42:54.098	INFO net.py: 218: conv_rpn_fpn4               : (2, 256, 50, 76)     => conv_rpn_fpn4               : (2, 256, 50, 76)     ------- (op: Relu)
2017-12-20 01:42:54.101	INFO net.py: 218: conv_rpn_fpn4               : (2, 256, 50, 76)     => rpn_cls_logits_fpn4         : (2, 3, 50, 76)       ------- (op: Conv)
2017-12-20 01:42:54.103	INFO net.py: 218: conv_rpn_fpn4               : (2, 256, 50, 76)     => rpn_bbox_pred_fpn4          : (2, 12, 50, 76)      ------- (op: Conv)
2017-12-20 01:42:54.106	INFO net.py: 218: rpn_cls_logits_fpn4         : (2, 3, 50, 76)       => rpn_cls_probs_fpn4          : (2, 3, 50, 76)       ------- (op: Sigmoid)
2017-12-20 01:42:54.107	INFO net.py: 218: rpn_cls_probs_fpn4          : (2, 3, 50, 76)       => rpn_rois_fpn4               : (1954, 5)            ------- (op: Python:GenerateProposalsOp:gpu_0/rpn_cls_probs_fpn4,gpu_0/rpn_bbox_pred_fpn4,im_info)
2017-12-20 01:42:54.109	INFO net.py: 218: rpn_bbox_pred_fpn4          : (2, 12, 50, 76)      => rpn_rois_fpn4               : (1954, 5)            ------|
2017-12-20 01:42:54.111	INFO net.py: 218: im_info                     : (2, 3)               => rpn_rois_fpn4               : (1954, 5)            ------|
2017-12-20 01:42:54.113	INFO net.py: 218: fpn_res5_2_sum              : (2, 256, 25, 38)     => conv_rpn_fpn5               : (2, 256, 25, 38)     ------- (op: Conv)
2017-12-20 01:42:54.115	INFO net.py: 218: conv_rpn_fpn5               : (2, 256, 25, 38)     => conv_rpn_fpn5               : (2, 256, 25, 38)     ------- (op: Relu)
2017-12-20 01:42:54.117	INFO net.py: 218: conv_rpn_fpn5               : (2, 256, 25, 38)     => rpn_cls_logits_fpn5         : (2, 3, 25, 38)       ------- (op: Conv)
2017-12-20 01:42:54.120	INFO net.py: 218: conv_rpn_fpn5               : (2, 256, 25, 38)     => rpn_bbox_pred_fpn5          : (2, 12, 25, 38)      ------- (op: Conv)
2017-12-20 01:42:54.122	INFO net.py: 218: rpn_cls_logits_fpn5         : (2, 3, 25, 38)       => rpn_cls_probs_fpn5          : (2, 3, 25, 38)       ------- (op: Sigmoid)
2017-12-20 01:42:54.124	INFO net.py: 218: rpn_cls_probs_fpn5          : (2, 3, 25, 38)       => rpn_rois_fpn5               : (1396, 5)            ------- (op: Python:GenerateProposalsOp:gpu_0/rpn_cls_probs_fpn5,gpu_0/rpn_bbox_pred_fpn5,im_info)
2017-12-20 01:42:54.125	INFO net.py: 218: rpn_bbox_pred_fpn5          : (2, 12, 25, 38)      => rpn_rois_fpn5               : (1396, 5)            ------|
2017-12-20 01:42:54.127	INFO net.py: 218: im_info                     : (2, 3)               => rpn_rois_fpn5               : (1396, 5)            ------|
2017-12-20 01:42:54.129	INFO net.py: 218: fpn_res5_2_sum_subsampled_2x: (2, 256, 13, 19)     => conv_rpn_fpn6               : (2, 256, 13, 19)     ------- (op: Conv)
2017-12-20 01:42:54.131	INFO net.py: 218: conv_rpn_fpn6               : (2, 256, 13, 19)     => conv_rpn_fpn6               : (2, 256, 13, 19)     ------- (op: Relu)
2017-12-20 01:42:54.133	INFO net.py: 218: conv_rpn_fpn6               : (2, 256, 13, 19)     => rpn_cls_logits_fpn6         : (2, 3, 13, 19)       ------- (op: Conv)
2017-12-20 01:42:54.135	INFO net.py: 218: conv_rpn_fpn6               : (2, 256, 13, 19)     => rpn_bbox_pred_fpn6          : (2, 12, 13, 19)      ------- (op: Conv)
2017-12-20 01:42:54.137	INFO net.py: 218: rpn_cls_logits_fpn6         : (2, 3, 13, 19)       => rpn_cls_probs_fpn6          : (2, 3, 13, 19)       ------- (op: Sigmoid)
2017-12-20 01:42:54.139	INFO net.py: 218: rpn_cls_probs_fpn6          : (2, 3, 13, 19)       => rpn_rois_fpn6               : (371, 5)             ------- (op: Python:GenerateProposalsOp:gpu_0/rpn_cls_probs_fpn6,gpu_0/rpn_bbox_pred_fpn6,im_info)
2017-12-20 01:42:54.140	INFO net.py: 218: rpn_bbox_pred_fpn6          : (2, 12, 13, 19)      => rpn_rois_fpn6               : (371, 5)             ------|
2017-12-20 01:42:54.142	INFO net.py: 218: im_info                     : (2, 3)               => rpn_rois_fpn6               : (371, 5)             ------|
2017-12-20 01:42:54.143	INFO net.py: 218: rpn_rois_fpn2               : (2436, 5)            => rois                        : (1024, 5)            ------- (op: Python:CollectAndDistributeFpnRpnProposalsOp:gpu_0/rpn_rois_fpn2,gpu_0/rpn_rois_fpn3,gpu_0/rpn_rois_fpn4,gpu_0/rpn_rois_fpn5,gpu_0/rpn_rois_fpn6,gpu_0/rpn_roi_probs_fpn2,gpu_0/rpn_roi_probs_fpn3,gpu_0/rpn_roi_probs_fpn4,gpu_0/rpn_roi_probs_fpn5,gpu_0/rpn_roi_probs_fpn6,gpu_0/roidb,gpu_0/im_info)
2017-12-20 01:42:54.145	INFO net.py: 218: rpn_rois_fpn3               : (2093, 5)            => rois                        : (1024, 5)            ------|
2017-12-20 01:42:54.147	INFO net.py: 218: rpn_rois_fpn4               : (1954, 5)            => rois                        : (1024, 5)            ------|
2017-12-20 01:42:54.148	INFO net.py: 218: rpn_rois_fpn5               : (1396, 5)            => rois                        : (1024, 5)            ------|
2017-12-20 01:42:54.150	INFO net.py: 218: rpn_rois_fpn6               : (371, 5)             => rois                        : (1024, 5)            ------|
2017-12-20 01:42:54.151	INFO net.py: 218: rpn_roi_probs_fpn2          : (2436, 1)            => rois                        : (1024, 5)            ------|
2017-12-20 01:42:54.153	INFO net.py: 218: rpn_roi_probs_fpn3          : (2093, 1)            => rois                        : (1024, 5)            ------|
2017-12-20 01:42:54.155	INFO net.py: 218: rpn_roi_probs_fpn4          : (1954, 1)            => rois                        : (1024, 5)            ------|
2017-12-20 01:42:54.156	INFO net.py: 218: rpn_roi_probs_fpn5          : (1396, 1)            => rois                        : (1024, 5)            ------|
2017-12-20 01:42:54.158	INFO net.py: 218: rpn_roi_probs_fpn6          : (371, 1)             => rois                        : (1024, 5)            ------|
2017-12-20 01:42:54.159	INFO net.py: 218: roidb                       : (17855,)             => rois                        : (1024, 5)            ------|
2017-12-20 01:42:54.161	INFO net.py: 218: im_info                     : (2, 3)               => rois                        : (1024, 5)            ------|
2017-12-20 01:42:54.163	INFO net.py: 218: rpn_labels_int32_wide_fpn2  : (2, 3, 336, 336)     => rpn_labels_int32_fpn2       : (2, 3, 200, 304)     ------- (op: SpatialNarrowAs)
2017-12-20 01:42:54.165	INFO net.py: 218: rpn_cls_logits_fpn2         : (2, 3, 200, 304)     => rpn_labels_int32_fpn2       : (2, 3, 200, 304)     ------|
2017-12-20 01:42:54.169	INFO net.py: 218: rpn_bbox_targets_wide_fpn2  : (2, 12, 336, 336)    => rpn_bbox_targets_fpn2       : (2, 12, 200, 304)    ------- (op: SpatialNarrowAs)
2017-12-20 01:42:54.171	INFO net.py: 218: rpn_bbox_pred_fpn2          : (2, 12, 200, 304)    => rpn_bbox_targets_fpn2       : (2, 12, 200, 304)    ------|
2017-12-20 01:42:54.174	INFO net.py: 218: rpn_bbox_inside_weights_wide_fpn2: (2, 12, 336, 336)    => rpn_bbox_inside_weights_fpn2: (2, 12, 200, 304)    ------- (op: SpatialNarrowAs)
2017-12-20 01:42:54.176	INFO net.py: 218: rpn_bbox_pred_fpn2          : (2, 12, 200, 304)    => rpn_bbox_inside_weights_fpn2: (2, 12, 200, 304)    ------|
2017-12-20 01:42:54.180	INFO net.py: 218: rpn_bbox_outside_weights_wide_fpn2: (2, 12, 336, 336)    => rpn_bbox_outside_weights_fpn2: (2, 12, 200, 304)    ------- (op: SpatialNarrowAs)
2017-12-20 01:42:54.182	INFO net.py: 218: rpn_bbox_pred_fpn2          : (2, 12, 200, 304)    => rpn_bbox_outside_weights_fpn2: (2, 12, 200, 304)    ------|
2017-12-20 01:42:54.184	INFO net.py: 218: rpn_cls_logits_fpn2         : (2, 3, 200, 304)     => loss_rpn_cls_fpn2           : ()                   ------- (op: SigmoidCrossEntropyLoss)
2017-12-20 01:42:54.186	INFO net.py: 218: rpn_labels_int32_fpn2       : (2, 3, 200, 304)     => loss_rpn_cls_fpn2           : ()                   ------|
2017-12-20 01:42:54.188	INFO net.py: 218: rpn_bbox_pred_fpn2          : (2, 12, 200, 304)    => loss_rpn_bbox_fpn2          : ()                   ------- (op: SmoothL1Loss)
2017-12-20 01:42:54.190	INFO net.py: 218: rpn_bbox_targets_fpn2       : (2, 12, 200, 304)    => loss_rpn_bbox_fpn2          : ()                   ------|
2017-12-20 01:42:54.192	INFO net.py: 218: rpn_bbox_inside_weights_fpn2: (2, 12, 200, 304)    => loss_rpn_bbox_fpn2          : ()                   ------|
2017-12-20 01:42:54.195	INFO net.py: 218: rpn_bbox_outside_weights_fpn2: (2, 12, 200, 304)    => loss_rpn_bbox_fpn2          : ()                   ------|
2017-12-20 01:42:54.195	INFO net.py: 222: End of model: generalized_rcnn

