2017-12-29 08:35:42.745	INFO net.py: 188: Printing model: retinanet
2017-12-29 08:35:42.848	INFO net.py: 218: data                        : (2, 3, 896, 1280)    => conv1                       : (2, 64, 448, 640)    ------- (op: Conv)
2017-12-29 08:35:42.874	INFO net.py: 218: conv1                       : (2, 64, 448, 640)    => conv1                       : (2, 64, 448, 640)    ------- (op: AffineChannel)
2017-12-29 08:35:42.978	INFO net.py: 218: conv1                       : (2, 64, 448, 640)    => conv1                       : (2, 64, 448, 640)    ------- (op: Relu)
2017-12-29 08:35:43.006	INFO net.py: 218: conv1                       : (2, 64, 448, 640)    => pool1                       : (2, 64, 224, 320)    ------- (op: MaxPool)
2017-12-29 08:35:43.018	INFO net.py: 218: pool1                       : (2, 64, 224, 320)    => res2_0_branch2a             : (2, 64, 224, 320)    ------- (op: Conv)
2017-12-29 08:35:43.029	INFO net.py: 218: res2_0_branch2a             : (2, 64, 224, 320)    => res2_0_branch2a             : (2, 64, 224, 320)    ------- (op: AffineChannel)
2017-12-29 08:35:43.040	INFO net.py: 218: res2_0_branch2a             : (2, 64, 224, 320)    => res2_0_branch2a             : (2, 64, 224, 320)    ------- (op: Relu)
2017-12-29 08:35:43.052	INFO net.py: 218: res2_0_branch2a             : (2, 64, 224, 320)    => res2_0_branch2b             : (2, 64, 224, 320)    ------- (op: Conv)
2017-12-29 08:35:43.064	INFO net.py: 218: res2_0_branch2b             : (2, 64, 224, 320)    => res2_0_branch2b             : (2, 64, 224, 320)    ------- (op: AffineChannel)
2017-12-29 08:35:43.075	INFO net.py: 218: res2_0_branch2b             : (2, 64, 224, 320)    => res2_0_branch2b             : (2, 64, 224, 320)    ------- (op: Relu)
2017-12-29 08:35:43.101	INFO net.py: 218: res2_0_branch2b             : (2, 64, 224, 320)    => res2_0_branch2c             : (2, 256, 224, 320)   ------- (op: Conv)
2017-12-29 08:35:43.142	INFO net.py: 218: res2_0_branch2c             : (2, 256, 224, 320)   => res2_0_branch2c_bn          : (2, 256, 224, 320)   ------- (op: AffineChannel)
2017-12-29 08:35:43.169	INFO net.py: 218: pool1                       : (2, 64, 224, 320)    => res2_0_branch1              : (2, 256, 224, 320)   ------- (op: Conv)
2017-12-29 08:35:43.211	INFO net.py: 218: res2_0_branch1              : (2, 256, 224, 320)   => res2_0_branch1_bn           : (2, 256, 224, 320)   ------- (op: AffineChannel)
2017-12-29 08:35:43.254	INFO net.py: 218: res2_0_branch2c_bn          : (2, 256, 224, 320)   => res2_0_branch2c_bn          : (2, 256, 224, 320)   ------- (op: Sum)
2017-12-29 08:35:43.276	INFO net.py: 218: res2_0_branch1_bn           : (2, 256, 224, 320)   => res2_0_branch2c_bn          : (2, 256, 224, 320)   ------|
2017-12-29 08:35:43.318	INFO net.py: 218: res2_0_branch2c_bn          : (2, 256, 224, 320)   => res2_0_branch2c_bn          : (2, 256, 224, 320)   ------- (op: Relu)
2017-12-29 08:35:43.345	INFO net.py: 218: res2_0_branch2c_bn          : (2, 256, 224, 320)   => res2_1_branch2a             : (2, 64, 224, 320)    ------- (op: Conv)
2017-12-29 08:35:43.357	INFO net.py: 218: res2_1_branch2a             : (2, 64, 224, 320)    => res2_1_branch2a             : (2, 64, 224, 320)    ------- (op: AffineChannel)
2017-12-29 08:35:43.369	INFO net.py: 218: res2_1_branch2a             : (2, 64, 224, 320)    => res2_1_branch2a             : (2, 64, 224, 320)    ------- (op: Relu)
2017-12-29 08:35:43.381	INFO net.py: 218: res2_1_branch2a             : (2, 64, 224, 320)    => res2_1_branch2b             : (2, 64, 224, 320)    ------- (op: Conv)
2017-12-29 08:35:43.392	INFO net.py: 218: res2_1_branch2b             : (2, 64, 224, 320)    => res2_1_branch2b             : (2, 64, 224, 320)    ------- (op: AffineChannel)
2017-12-29 08:35:43.404	INFO net.py: 218: res2_1_branch2b             : (2, 64, 224, 320)    => res2_1_branch2b             : (2, 64, 224, 320)    ------- (op: Relu)
2017-12-29 08:35:43.430	INFO net.py: 218: res2_1_branch2b             : (2, 64, 224, 320)    => res2_1_branch2c             : (2, 256, 224, 320)   ------- (op: Conv)
2017-12-29 08:35:43.470	INFO net.py: 218: res2_1_branch2c             : (2, 256, 224, 320)   => res2_1_branch2c_bn          : (2, 256, 224, 320)   ------- (op: AffineChannel)
2017-12-29 08:35:43.510	INFO net.py: 218: res2_1_branch2c_bn          : (2, 256, 224, 320)   => res2_1_branch2c_bn          : (2, 256, 224, 320)   ------- (op: Sum)
2017-12-29 08:35:43.531	INFO net.py: 218: res2_0_branch2c_bn          : (2, 256, 224, 320)   => res2_1_branch2c_bn          : (2, 256, 224, 320)   ------|
2017-12-29 08:35:43.572	INFO net.py: 218: res2_1_branch2c_bn          : (2, 256, 224, 320)   => res2_1_branch2c_bn          : (2, 256, 224, 320)   ------- (op: Relu)
2017-12-29 08:35:43.597	INFO net.py: 218: res2_1_branch2c_bn          : (2, 256, 224, 320)   => res2_2_branch2a             : (2, 64, 224, 320)    ------- (op: Conv)
2017-12-29 08:35:43.609	INFO net.py: 218: res2_2_branch2a             : (2, 64, 224, 320)    => res2_2_branch2a             : (2, 64, 224, 320)    ------- (op: AffineChannel)
2017-12-29 08:35:43.620	INFO net.py: 218: res2_2_branch2a             : (2, 64, 224, 320)    => res2_2_branch2a             : (2, 64, 224, 320)    ------- (op: Relu)
2017-12-29 08:35:43.631	INFO net.py: 218: res2_2_branch2a             : (2, 64, 224, 320)    => res2_2_branch2b             : (2, 64, 224, 320)    ------- (op: Conv)
2017-12-29 08:35:43.643	INFO net.py: 218: res2_2_branch2b             : (2, 64, 224, 320)    => res2_2_branch2b             : (2, 64, 224, 320)    ------- (op: AffineChannel)
2017-12-29 08:35:43.655	INFO net.py: 218: res2_2_branch2b             : (2, 64, 224, 320)    => res2_2_branch2b             : (2, 64, 224, 320)    ------- (op: Relu)
2017-12-29 08:35:43.681	INFO net.py: 218: res2_2_branch2b             : (2, 64, 224, 320)    => res2_2_branch2c             : (2, 256, 224, 320)   ------- (op: Conv)
2017-12-29 08:35:43.721	INFO net.py: 218: res2_2_branch2c             : (2, 256, 224, 320)   => res2_2_branch2c_bn          : (2, 256, 224, 320)   ------- (op: AffineChannel)
2017-12-29 08:35:43.762	INFO net.py: 218: res2_2_branch2c_bn          : (2, 256, 224, 320)   => res2_2_sum                  : (2, 256, 224, 320)   ------- (op: Sum)
2017-12-29 08:35:43.783	INFO net.py: 218: res2_1_branch2c_bn          : (2, 256, 224, 320)   => res2_2_sum                  : (2, 256, 224, 320)   ------|
2017-12-29 08:35:43.824	INFO net.py: 218: res2_2_sum                  : (2, 256, 224, 320)   => res2_2_sum                  : (2, 256, 224, 320)   ------- (op: Relu)
2017-12-29 08:35:43.864	INFO net.py: 218: res2_2_sum                  : (2, 256, 224, 320)   => res2_2_sum                  : (2, 256, 224, 320)   ------- (op: StopGradient)
2017-12-29 08:35:43.888	INFO net.py: 218: res2_2_sum                  : (2, 256, 224, 320)   => res3_0_branch2a             : (2, 128, 112, 160)   ------- (op: Conv)
2017-12-29 08:35:43.895	INFO net.py: 218: res3_0_branch2a             : (2, 128, 112, 160)   => res3_0_branch2a             : (2, 128, 112, 160)   ------- (op: AffineChannel)
2017-12-29 08:35:43.902	INFO net.py: 218: res3_0_branch2a             : (2, 128, 112, 160)   => res3_0_branch2a             : (2, 128, 112, 160)   ------- (op: Relu)
2017-12-29 08:35:43.908	INFO net.py: 218: res3_0_branch2a             : (2, 128, 112, 160)   => res3_0_branch2b             : (2, 128, 112, 160)   ------- (op: Conv)
2017-12-29 08:35:43.915	INFO net.py: 218: res3_0_branch2b             : (2, 128, 112, 160)   => res3_0_branch2b             : (2, 128, 112, 160)   ------- (op: AffineChannel)
2017-12-29 08:35:43.921	INFO net.py: 218: res3_0_branch2b             : (2, 128, 112, 160)   => res3_0_branch2b             : (2, 128, 112, 160)   ------- (op: Relu)
2017-12-29 08:35:43.935	INFO net.py: 218: res3_0_branch2b             : (2, 128, 112, 160)   => res3_0_branch2c             : (2, 512, 112, 160)   ------- (op: Conv)
2017-12-29 08:35:43.956	INFO net.py: 218: res3_0_branch2c             : (2, 512, 112, 160)   => res3_0_branch2c_bn          : (2, 512, 112, 160)   ------- (op: AffineChannel)
2017-12-29 08:35:43.987	INFO net.py: 218: res2_2_sum                  : (2, 256, 224, 320)   => res3_0_branch1              : (2, 512, 112, 160)   ------- (op: Conv)
2017-12-29 08:35:44.009	INFO net.py: 218: res3_0_branch1              : (2, 512, 112, 160)   => res3_0_branch1_bn           : (2, 512, 112, 160)   ------- (op: AffineChannel)
2017-12-29 08:35:44.033	INFO net.py: 218: res3_0_branch2c_bn          : (2, 512, 112, 160)   => res3_0_branch2c_bn          : (2, 512, 112, 160)   ------- (op: Sum)
2017-12-29 08:35:44.044	INFO net.py: 218: res3_0_branch1_bn           : (2, 512, 112, 160)   => res3_0_branch2c_bn          : (2, 512, 112, 160)   ------|
2017-12-29 08:35:44.066	INFO net.py: 218: res3_0_branch2c_bn          : (2, 512, 112, 160)   => res3_0_branch2c_bn          : (2, 512, 112, 160)   ------- (op: Relu)
2017-12-29 08:35:44.080	INFO net.py: 218: res3_0_branch2c_bn          : (2, 512, 112, 160)   => res3_1_branch2a             : (2, 128, 112, 160)   ------- (op: Conv)
2017-12-29 08:35:44.087	INFO net.py: 218: res3_1_branch2a             : (2, 128, 112, 160)   => res3_1_branch2a             : (2, 128, 112, 160)   ------- (op: AffineChannel)
2017-12-29 08:35:44.094	INFO net.py: 218: res3_1_branch2a             : (2, 128, 112, 160)   => res3_1_branch2a             : (2, 128, 112, 160)   ------- (op: Relu)
2017-12-29 08:35:44.101	INFO net.py: 218: res3_1_branch2a             : (2, 128, 112, 160)   => res3_1_branch2b             : (2, 128, 112, 160)   ------- (op: Conv)
2017-12-29 08:35:44.108	INFO net.py: 218: res3_1_branch2b             : (2, 128, 112, 160)   => res3_1_branch2b             : (2, 128, 112, 160)   ------- (op: AffineChannel)
2017-12-29 08:35:44.115	INFO net.py: 218: res3_1_branch2b             : (2, 128, 112, 160)   => res3_1_branch2b             : (2, 128, 112, 160)   ------- (op: Relu)
2017-12-29 08:35:44.129	INFO net.py: 218: res3_1_branch2b             : (2, 128, 112, 160)   => res3_1_branch2c             : (2, 512, 112, 160)   ------- (op: Conv)
2017-12-29 08:35:44.150	INFO net.py: 218: res3_1_branch2c             : (2, 512, 112, 160)   => res3_1_branch2c_bn          : (2, 512, 112, 160)   ------- (op: AffineChannel)
2017-12-29 08:35:44.173	INFO net.py: 218: res3_1_branch2c_bn          : (2, 512, 112, 160)   => res3_1_branch2c_bn          : (2, 512, 112, 160)   ------- (op: Sum)
2017-12-29 08:35:44.189	INFO net.py: 218: res3_0_branch2c_bn          : (2, 512, 112, 160)   => res3_1_branch2c_bn          : (2, 512, 112, 160)   ------|
2017-12-29 08:35:44.210	INFO net.py: 218: res3_1_branch2c_bn          : (2, 512, 112, 160)   => res3_1_branch2c_bn          : (2, 512, 112, 160)   ------- (op: Relu)
2017-12-29 08:35:44.225	INFO net.py: 218: res3_1_branch2c_bn          : (2, 512, 112, 160)   => res3_2_branch2a             : (2, 128, 112, 160)   ------- (op: Conv)
2017-12-29 08:35:44.232	INFO net.py: 218: res3_2_branch2a             : (2, 128, 112, 160)   => res3_2_branch2a             : (2, 128, 112, 160)   ------- (op: AffineChannel)
2017-12-29 08:35:44.239	INFO net.py: 218: res3_2_branch2a             : (2, 128, 112, 160)   => res3_2_branch2a             : (2, 128, 112, 160)   ------- (op: Relu)
2017-12-29 08:35:44.246	INFO net.py: 218: res3_2_branch2a             : (2, 128, 112, 160)   => res3_2_branch2b             : (2, 128, 112, 160)   ------- (op: Conv)
2017-12-29 08:35:44.253	INFO net.py: 218: res3_2_branch2b             : (2, 128, 112, 160)   => res3_2_branch2b             : (2, 128, 112, 160)   ------- (op: AffineChannel)
2017-12-29 08:35:44.260	INFO net.py: 218: res3_2_branch2b             : (2, 128, 112, 160)   => res3_2_branch2b             : (2, 128, 112, 160)   ------- (op: Relu)
2017-12-29 08:35:44.274	INFO net.py: 218: res3_2_branch2b             : (2, 128, 112, 160)   => res3_2_branch2c             : (2, 512, 112, 160)   ------- (op: Conv)
2017-12-29 08:35:44.296	INFO net.py: 218: res3_2_branch2c             : (2, 512, 112, 160)   => res3_2_branch2c_bn          : (2, 512, 112, 160)   ------- (op: AffineChannel)
2017-12-29 08:35:44.317	INFO net.py: 218: res3_2_branch2c_bn          : (2, 512, 112, 160)   => res3_2_branch2c_bn          : (2, 512, 112, 160)   ------- (op: Sum)
2017-12-29 08:35:44.328	INFO net.py: 218: res3_1_branch2c_bn          : (2, 512, 112, 160)   => res3_2_branch2c_bn          : (2, 512, 112, 160)   ------|
2017-12-29 08:35:44.349	INFO net.py: 218: res3_2_branch2c_bn          : (2, 512, 112, 160)   => res3_2_branch2c_bn          : (2, 512, 112, 160)   ------- (op: Relu)
2017-12-29 08:35:44.364	INFO net.py: 218: res3_2_branch2c_bn          : (2, 512, 112, 160)   => res3_3_branch2a             : (2, 128, 112, 160)   ------- (op: Conv)
2017-12-29 08:35:44.371	INFO net.py: 218: res3_3_branch2a             : (2, 128, 112, 160)   => res3_3_branch2a             : (2, 128, 112, 160)   ------- (op: AffineChannel)
2017-12-29 08:35:44.378	INFO net.py: 218: res3_3_branch2a             : (2, 128, 112, 160)   => res3_3_branch2a             : (2, 128, 112, 160)   ------- (op: Relu)
2017-12-29 08:35:44.385	INFO net.py: 218: res3_3_branch2a             : (2, 128, 112, 160)   => res3_3_branch2b             : (2, 128, 112, 160)   ------- (op: Conv)
2017-12-29 08:35:44.392	INFO net.py: 218: res3_3_branch2b             : (2, 128, 112, 160)   => res3_3_branch2b             : (2, 128, 112, 160)   ------- (op: AffineChannel)
2017-12-29 08:35:44.399	INFO net.py: 218: res3_3_branch2b             : (2, 128, 112, 160)   => res3_3_branch2b             : (2, 128, 112, 160)   ------- (op: Relu)
2017-12-29 08:35:44.413	INFO net.py: 218: res3_3_branch2b             : (2, 128, 112, 160)   => res3_3_branch2c             : (2, 512, 112, 160)   ------- (op: Conv)
2017-12-29 08:35:44.435	INFO net.py: 218: res3_3_branch2c             : (2, 512, 112, 160)   => res3_3_branch2c_bn          : (2, 512, 112, 160)   ------- (op: AffineChannel)
2017-12-29 08:35:44.457	INFO net.py: 218: res3_3_branch2c_bn          : (2, 512, 112, 160)   => res3_3_sum                  : (2, 512, 112, 160)   ------- (op: Sum)
2017-12-29 08:35:44.469	INFO net.py: 218: res3_2_branch2c_bn          : (2, 512, 112, 160)   => res3_3_sum                  : (2, 512, 112, 160)   ------|
2017-12-29 08:35:44.490	INFO net.py: 218: res3_3_sum                  : (2, 512, 112, 160)   => res3_3_sum                  : (2, 512, 112, 160)   ------- (op: Relu)
2017-12-29 08:35:44.502	INFO net.py: 218: res3_3_sum                  : (2, 512, 112, 160)   => res4_0_branch2a             : (2, 256, 56, 80)     ------- (op: Conv)
2017-12-29 08:35:44.506	INFO net.py: 218: res4_0_branch2a             : (2, 256, 56, 80)     => res4_0_branch2a             : (2, 256, 56, 80)     ------- (op: AffineChannel)
2017-12-29 08:35:44.510	INFO net.py: 218: res4_0_branch2a             : (2, 256, 56, 80)     => res4_0_branch2a             : (2, 256, 56, 80)     ------- (op: Relu)
2017-12-29 08:35:44.515	INFO net.py: 218: res4_0_branch2a             : (2, 256, 56, 80)     => res4_0_branch2b             : (2, 256, 56, 80)     ------- (op: Conv)
2017-12-29 08:35:44.519	INFO net.py: 218: res4_0_branch2b             : (2, 256, 56, 80)     => res4_0_branch2b             : (2, 256, 56, 80)     ------- (op: AffineChannel)
2017-12-29 08:35:44.524	INFO net.py: 218: res4_0_branch2b             : (2, 256, 56, 80)     => res4_0_branch2b             : (2, 256, 56, 80)     ------- (op: Relu)
2017-12-29 08:35:44.532	INFO net.py: 218: res4_0_branch2b             : (2, 256, 56, 80)     => res4_0_branch2c             : (2, 1024, 56, 80)    ------- (op: Conv)
2017-12-29 08:35:44.544	INFO net.py: 218: res4_0_branch2c             : (2, 1024, 56, 80)    => res4_0_branch2c_bn          : (2, 1024, 56, 80)    ------- (op: AffineChannel)
2017-12-29 08:35:44.560	INFO net.py: 218: res3_3_sum                  : (2, 512, 112, 160)   => res4_0_branch1              : (2, 1024, 56, 80)    ------- (op: Conv)
2017-12-29 08:35:44.572	INFO net.py: 218: res4_0_branch1              : (2, 1024, 56, 80)    => res4_0_branch1_bn           : (2, 1024, 56, 80)    ------- (op: AffineChannel)
2017-12-29 08:35:44.583	INFO net.py: 218: res4_0_branch2c_bn          : (2, 1024, 56, 80)    => res4_0_branch2c_bn          : (2, 1024, 56, 80)    ------- (op: Sum)
2017-12-29 08:35:44.590	INFO net.py: 218: res4_0_branch1_bn           : (2, 1024, 56, 80)    => res4_0_branch2c_bn          : (2, 1024, 56, 80)    ------|
2017-12-29 08:35:44.602	INFO net.py: 218: res4_0_branch2c_bn          : (2, 1024, 56, 80)    => res4_0_branch2c_bn          : (2, 1024, 56, 80)    ------- (op: Relu)
2017-12-29 08:35:44.610	INFO net.py: 218: res4_0_branch2c_bn          : (2, 1024, 56, 80)    => res4_1_branch2a             : (2, 256, 56, 80)     ------- (op: Conv)
2017-12-29 08:35:44.614	INFO net.py: 218: res4_1_branch2a             : (2, 256, 56, 80)     => res4_1_branch2a             : (2, 256, 56, 80)     ------- (op: AffineChannel)
2017-12-29 08:35:44.618	INFO net.py: 218: res4_1_branch2a             : (2, 256, 56, 80)     => res4_1_branch2a             : (2, 256, 56, 80)     ------- (op: Relu)
2017-12-29 08:35:44.623	INFO net.py: 218: res4_1_branch2a             : (2, 256, 56, 80)     => res4_1_branch2b             : (2, 256, 56, 80)     ------- (op: Conv)
2017-12-29 08:35:44.627	INFO net.py: 218: res4_1_branch2b             : (2, 256, 56, 80)     => res4_1_branch2b             : (2, 256, 56, 80)     ------- (op: AffineChannel)
2017-12-29 08:35:44.632	INFO net.py: 218: res4_1_branch2b             : (2, 256, 56, 80)     => res4_1_branch2b             : (2, 256, 56, 80)     ------- (op: Relu)
2017-12-29 08:35:44.639	INFO net.py: 218: res4_1_branch2b             : (2, 256, 56, 80)     => res4_1_branch2c             : (2, 1024, 56, 80)    ------- (op: Conv)
2017-12-29 08:35:44.650	INFO net.py: 218: res4_1_branch2c             : (2, 1024, 56, 80)    => res4_1_branch2c_bn          : (2, 1024, 56, 80)    ------- (op: AffineChannel)
2017-12-29 08:35:44.662	INFO net.py: 218: res4_1_branch2c_bn          : (2, 1024, 56, 80)    => res4_1_branch2c_bn          : (2, 1024, 56, 80)    ------- (op: Sum)
2017-12-29 08:35:44.669	INFO net.py: 218: res4_0_branch2c_bn          : (2, 1024, 56, 80)    => res4_1_branch2c_bn          : (2, 1024, 56, 80)    ------|
2017-12-29 08:35:44.681	INFO net.py: 218: res4_1_branch2c_bn          : (2, 1024, 56, 80)    => res4_1_branch2c_bn          : (2, 1024, 56, 80)    ------- (op: Relu)
2017-12-29 08:35:44.688	INFO net.py: 218: res4_1_branch2c_bn          : (2, 1024, 56, 80)    => res4_2_branch2a             : (2, 256, 56, 80)     ------- (op: Conv)
2017-12-29 08:35:44.693	INFO net.py: 218: res4_2_branch2a             : (2, 256, 56, 80)     => res4_2_branch2a             : (2, 256, 56, 80)     ------- (op: AffineChannel)
2017-12-29 08:35:44.697	INFO net.py: 218: res4_2_branch2a             : (2, 256, 56, 80)     => res4_2_branch2a             : (2, 256, 56, 80)     ------- (op: Relu)
2017-12-29 08:35:44.701	INFO net.py: 218: res4_2_branch2a             : (2, 256, 56, 80)     => res4_2_branch2b             : (2, 256, 56, 80)     ------- (op: Conv)
2017-12-29 08:35:44.706	INFO net.py: 218: res4_2_branch2b             : (2, 256, 56, 80)     => res4_2_branch2b             : (2, 256, 56, 80)     ------- (op: AffineChannel)
2017-12-29 08:35:44.710	INFO net.py: 218: res4_2_branch2b             : (2, 256, 56, 80)     => res4_2_branch2b             : (2, 256, 56, 80)     ------- (op: Relu)
2017-12-29 08:35:44.718	INFO net.py: 218: res4_2_branch2b             : (2, 256, 56, 80)     => res4_2_branch2c             : (2, 1024, 56, 80)    ------- (op: Conv)
2017-12-29 08:35:44.730	INFO net.py: 218: res4_2_branch2c             : (2, 1024, 56, 80)    => res4_2_branch2c_bn          : (2, 1024, 56, 80)    ------- (op: AffineChannel)
2017-12-29 08:35:44.742	INFO net.py: 218: res4_2_branch2c_bn          : (2, 1024, 56, 80)    => res4_2_branch2c_bn          : (2, 1024, 56, 80)    ------- (op: Sum)
2017-12-29 08:35:44.748	INFO net.py: 218: res4_1_branch2c_bn          : (2, 1024, 56, 80)    => res4_2_branch2c_bn          : (2, 1024, 56, 80)    ------|
2017-12-29 08:35:44.760	INFO net.py: 218: res4_2_branch2c_bn          : (2, 1024, 56, 80)    => res4_2_branch2c_bn          : (2, 1024, 56, 80)    ------- (op: Relu)
2017-12-29 08:35:44.768	INFO net.py: 218: res4_2_branch2c_bn          : (2, 1024, 56, 80)    => res4_3_branch2a             : (2, 256, 56, 80)     ------- (op: Conv)
2017-12-29 08:35:44.772	INFO net.py: 218: res4_3_branch2a             : (2, 256, 56, 80)     => res4_3_branch2a             : (2, 256, 56, 80)     ------- (op: AffineChannel)
2017-12-29 08:35:44.777	INFO net.py: 218: res4_3_branch2a             : (2, 256, 56, 80)     => res4_3_branch2a             : (2, 256, 56, 80)     ------- (op: Relu)
2017-12-29 08:35:44.781	INFO net.py: 218: res4_3_branch2a             : (2, 256, 56, 80)     => res4_3_branch2b             : (2, 256, 56, 80)     ------- (op: Conv)
2017-12-29 08:35:44.785	INFO net.py: 218: res4_3_branch2b             : (2, 256, 56, 80)     => res4_3_branch2b             : (2, 256, 56, 80)     ------- (op: AffineChannel)
2017-12-29 08:35:44.790	INFO net.py: 218: res4_3_branch2b             : (2, 256, 56, 80)     => res4_3_branch2b             : (2, 256, 56, 80)     ------- (op: Relu)
2017-12-29 08:35:44.798	INFO net.py: 218: res4_3_branch2b             : (2, 256, 56, 80)     => res4_3_branch2c             : (2, 1024, 56, 80)    ------- (op: Conv)
2017-12-29 08:35:44.810	INFO net.py: 218: res4_3_branch2c             : (2, 1024, 56, 80)    => res4_3_branch2c_bn          : (2, 1024, 56, 80)    ------- (op: AffineChannel)
2017-12-29 08:35:44.822	INFO net.py: 218: res4_3_branch2c_bn          : (2, 1024, 56, 80)    => res4_3_branch2c_bn          : (2, 1024, 56, 80)    ------- (op: Sum)
2017-12-29 08:35:44.828	INFO net.py: 218: res4_2_branch2c_bn          : (2, 1024, 56, 80)    => res4_3_branch2c_bn          : (2, 1024, 56, 80)    ------|
2017-12-29 08:35:44.840	INFO net.py: 218: res4_3_branch2c_bn          : (2, 1024, 56, 80)    => res4_3_branch2c_bn          : (2, 1024, 56, 80)    ------- (op: Relu)
2017-12-29 08:35:44.847	INFO net.py: 218: res4_3_branch2c_bn          : (2, 1024, 56, 80)    => res4_4_branch2a             : (2, 256, 56, 80)     ------- (op: Conv)
2017-12-29 08:35:44.852	INFO net.py: 218: res4_4_branch2a             : (2, 256, 56, 80)     => res4_4_branch2a             : (2, 256, 56, 80)     ------- (op: AffineChannel)
2017-12-29 08:35:44.857	INFO net.py: 218: res4_4_branch2a             : (2, 256, 56, 80)     => res4_4_branch2a             : (2, 256, 56, 80)     ------- (op: Relu)
2017-12-29 08:35:44.861	INFO net.py: 218: res4_4_branch2a             : (2, 256, 56, 80)     => res4_4_branch2b             : (2, 256, 56, 80)     ------- (op: Conv)
2017-12-29 08:35:44.866	INFO net.py: 218: res4_4_branch2b             : (2, 256, 56, 80)     => res4_4_branch2b             : (2, 256, 56, 80)     ------- (op: AffineChannel)
2017-12-29 08:35:44.870	INFO net.py: 218: res4_4_branch2b             : (2, 256, 56, 80)     => res4_4_branch2b             : (2, 256, 56, 80)     ------- (op: Relu)
2017-12-29 08:35:44.878	INFO net.py: 218: res4_4_branch2b             : (2, 256, 56, 80)     => res4_4_branch2c             : (2, 1024, 56, 80)    ------- (op: Conv)
2017-12-29 08:35:44.890	INFO net.py: 218: res4_4_branch2c             : (2, 1024, 56, 80)    => res4_4_branch2c_bn          : (2, 1024, 56, 80)    ------- (op: AffineChannel)
2017-12-29 08:35:44.902	INFO net.py: 218: res4_4_branch2c_bn          : (2, 1024, 56, 80)    => res4_4_branch2c_bn          : (2, 1024, 56, 80)    ------- (op: Sum)
2017-12-29 08:35:44.909	INFO net.py: 218: res4_3_branch2c_bn          : (2, 1024, 56, 80)    => res4_4_branch2c_bn          : (2, 1024, 56, 80)    ------|
2017-12-29 08:35:44.920	INFO net.py: 218: res4_4_branch2c_bn          : (2, 1024, 56, 80)    => res4_4_branch2c_bn          : (2, 1024, 56, 80)    ------- (op: Relu)
2017-12-29 08:35:44.928	INFO net.py: 218: res4_4_branch2c_bn          : (2, 1024, 56, 80)    => res4_5_branch2a             : (2, 256, 56, 80)     ------- (op: Conv)
2017-12-29 08:35:44.932	INFO net.py: 218: res4_5_branch2a             : (2, 256, 56, 80)     => res4_5_branch2a             : (2, 256, 56, 80)     ------- (op: AffineChannel)
2017-12-29 08:35:44.937	INFO net.py: 218: res4_5_branch2a             : (2, 256, 56, 80)     => res4_5_branch2a             : (2, 256, 56, 80)     ------- (op: Relu)
2017-12-29 08:35:44.941	INFO net.py: 218: res4_5_branch2a             : (2, 256, 56, 80)     => res4_5_branch2b             : (2, 256, 56, 80)     ------- (op: Conv)
2017-12-29 08:35:44.946	INFO net.py: 218: res4_5_branch2b             : (2, 256, 56, 80)     => res4_5_branch2b             : (2, 256, 56, 80)     ------- (op: AffineChannel)
2017-12-29 08:35:44.950	INFO net.py: 218: res4_5_branch2b             : (2, 256, 56, 80)     => res4_5_branch2b             : (2, 256, 56, 80)     ------- (op: Relu)
2017-12-29 08:35:44.959	INFO net.py: 218: res4_5_branch2b             : (2, 256, 56, 80)     => res4_5_branch2c             : (2, 1024, 56, 80)    ------- (op: Conv)
2017-12-29 08:35:44.971	INFO net.py: 218: res4_5_branch2c             : (2, 1024, 56, 80)    => res4_5_branch2c_bn          : (2, 1024, 56, 80)    ------- (op: AffineChannel)
2017-12-29 08:35:44.983	INFO net.py: 218: res4_5_branch2c_bn          : (2, 1024, 56, 80)    => res4_5_sum                  : (2, 1024, 56, 80)    ------- (op: Sum)
2017-12-29 08:35:44.990	INFO net.py: 218: res4_4_branch2c_bn          : (2, 1024, 56, 80)    => res4_5_sum                  : (2, 1024, 56, 80)    ------|
2017-12-29 08:35:45.001	INFO net.py: 218: res4_5_sum                  : (2, 1024, 56, 80)    => res4_5_sum                  : (2, 1024, 56, 80)    ------- (op: Relu)
2017-12-29 08:35:45.010	INFO net.py: 218: res4_5_sum                  : (2, 1024, 56, 80)    => res5_0_branch2a             : (2, 512, 28, 40)     ------- (op: Conv)
2017-12-29 08:35:45.013	INFO net.py: 218: res5_0_branch2a             : (2, 512, 28, 40)     => res5_0_branch2a             : (2, 512, 28, 40)     ------- (op: AffineChannel)
2017-12-29 08:35:45.016	INFO net.py: 218: res5_0_branch2a             : (2, 512, 28, 40)     => res5_0_branch2a             : (2, 512, 28, 40)     ------- (op: Relu)
2017-12-29 08:35:45.019	INFO net.py: 218: res5_0_branch2a             : (2, 512, 28, 40)     => res5_0_branch2b             : (2, 512, 28, 40)     ------- (op: Conv)
2017-12-29 08:35:45.022	INFO net.py: 218: res5_0_branch2b             : (2, 512, 28, 40)     => res5_0_branch2b             : (2, 512, 28, 40)     ------- (op: AffineChannel)
2017-12-29 08:35:45.026	INFO net.py: 218: res5_0_branch2b             : (2, 512, 28, 40)     => res5_0_branch2b             : (2, 512, 28, 40)     ------- (op: Relu)
2017-12-29 08:35:45.031	INFO net.py: 218: res5_0_branch2b             : (2, 512, 28, 40)     => res5_0_branch2c             : (2, 2048, 28, 40)    ------- (op: Conv)
2017-12-29 08:35:45.038	INFO net.py: 218: res5_0_branch2c             : (2, 2048, 28, 40)    => res5_0_branch2c_bn          : (2, 2048, 28, 40)    ------- (op: AffineChannel)
2017-12-29 08:35:45.047	INFO net.py: 218: res4_5_sum                  : (2, 1024, 56, 80)    => res5_0_branch1              : (2, 2048, 28, 40)    ------- (op: Conv)
2017-12-29 08:35:45.054	INFO net.py: 218: res5_0_branch1              : (2, 2048, 28, 40)    => res5_0_branch1_bn           : (2, 2048, 28, 40)    ------- (op: AffineChannel)
2017-12-29 08:35:45.062	INFO net.py: 218: res5_0_branch2c_bn          : (2, 2048, 28, 40)    => res5_0_branch2c_bn          : (2, 2048, 28, 40)    ------- (op: Sum)
2017-12-29 08:35:45.066	INFO net.py: 218: res5_0_branch1_bn           : (2, 2048, 28, 40)    => res5_0_branch2c_bn          : (2, 2048, 28, 40)    ------|
2017-12-29 08:35:45.072	INFO net.py: 218: res5_0_branch2c_bn          : (2, 2048, 28, 40)    => res5_0_branch2c_bn          : (2, 2048, 28, 40)    ------- (op: Relu)
2017-12-29 08:35:45.078	INFO net.py: 218: res5_0_branch2c_bn          : (2, 2048, 28, 40)    => res5_1_branch2a             : (2, 512, 28, 40)     ------- (op: Conv)
2017-12-29 08:35:45.081	INFO net.py: 218: res5_1_branch2a             : (2, 512, 28, 40)     => res5_1_branch2a             : (2, 512, 28, 40)     ------- (op: AffineChannel)
2017-12-29 08:35:45.084	INFO net.py: 218: res5_1_branch2a             : (2, 512, 28, 40)     => res5_1_branch2a             : (2, 512, 28, 40)     ------- (op: Relu)
2017-12-29 08:35:45.088	INFO net.py: 218: res5_1_branch2a             : (2, 512, 28, 40)     => res5_1_branch2b             : (2, 512, 28, 40)     ------- (op: Conv)
2017-12-29 08:35:45.091	INFO net.py: 218: res5_1_branch2b             : (2, 512, 28, 40)     => res5_1_branch2b             : (2, 512, 28, 40)     ------- (op: AffineChannel)
2017-12-29 08:35:45.094	INFO net.py: 218: res5_1_branch2b             : (2, 512, 28, 40)     => res5_1_branch2b             : (2, 512, 28, 40)     ------- (op: Relu)
2017-12-29 08:35:45.099	INFO net.py: 218: res5_1_branch2b             : (2, 512, 28, 40)     => res5_1_branch2c             : (2, 2048, 28, 40)    ------- (op: Conv)
2017-12-29 08:35:45.106	INFO net.py: 218: res5_1_branch2c             : (2, 2048, 28, 40)    => res5_1_branch2c_bn          : (2, 2048, 28, 40)    ------- (op: AffineChannel)
2017-12-29 08:35:45.113	INFO net.py: 218: res5_1_branch2c_bn          : (2, 2048, 28, 40)    => res5_1_branch2c_bn          : (2, 2048, 28, 40)    ------- (op: Sum)
2017-12-29 08:35:45.118	INFO net.py: 218: res5_0_branch2c_bn          : (2, 2048, 28, 40)    => res5_1_branch2c_bn          : (2, 2048, 28, 40)    ------|
2017-12-29 08:35:45.125	INFO net.py: 218: res5_1_branch2c_bn          : (2, 2048, 28, 40)    => res5_1_branch2c_bn          : (2, 2048, 28, 40)    ------- (op: Relu)
2017-12-29 08:35:45.130	INFO net.py: 218: res5_1_branch2c_bn          : (2, 2048, 28, 40)    => res5_2_branch2a             : (2, 512, 28, 40)     ------- (op: Conv)
2017-12-29 08:35:45.133	INFO net.py: 218: res5_2_branch2a             : (2, 512, 28, 40)     => res5_2_branch2a             : (2, 512, 28, 40)     ------- (op: AffineChannel)
2017-12-29 08:35:45.136	INFO net.py: 218: res5_2_branch2a             : (2, 512, 28, 40)     => res5_2_branch2a             : (2, 512, 28, 40)     ------- (op: Relu)
2017-12-29 08:35:45.139	INFO net.py: 218: res5_2_branch2a             : (2, 512, 28, 40)     => res5_2_branch2b             : (2, 512, 28, 40)     ------- (op: Conv)
2017-12-29 08:35:45.142	INFO net.py: 218: res5_2_branch2b             : (2, 512, 28, 40)     => res5_2_branch2b             : (2, 512, 28, 40)     ------- (op: AffineChannel)
2017-12-29 08:35:45.145	INFO net.py: 218: res5_2_branch2b             : (2, 512, 28, 40)     => res5_2_branch2b             : (2, 512, 28, 40)     ------- (op: Relu)
2017-12-29 08:35:45.150	INFO net.py: 218: res5_2_branch2b             : (2, 512, 28, 40)     => res5_2_branch2c             : (2, 2048, 28, 40)    ------- (op: Conv)
2017-12-29 08:35:45.157	INFO net.py: 218: res5_2_branch2c             : (2, 2048, 28, 40)    => res5_2_branch2c_bn          : (2, 2048, 28, 40)    ------- (op: AffineChannel)
2017-12-29 08:35:45.164	INFO net.py: 218: res5_2_branch2c_bn          : (2, 2048, 28, 40)    => res5_2_sum                  : (2, 2048, 28, 40)    ------- (op: Sum)
2017-12-29 08:35:45.168	INFO net.py: 218: res5_1_branch2c_bn          : (2, 2048, 28, 40)    => res5_2_sum                  : (2, 2048, 28, 40)    ------|
2017-12-29 08:35:45.175	INFO net.py: 218: res5_2_sum                  : (2, 2048, 28, 40)    => res5_2_sum                  : (2, 2048, 28, 40)    ------- (op: Relu)
2017-12-29 08:35:45.180	INFO net.py: 218: res5_2_sum                  : (2, 2048, 28, 40)    => fpn_inner_res5_2_sum        : (2, 256, 28, 40)     ------- (op: Conv)
2017-12-29 08:35:45.188	INFO net.py: 218: res4_5_sum                  : (2, 1024, 56, 80)    => fpn_inner_res4_5_sum_lateral: (2, 256, 56, 80)     ------- (op: Conv)
2017-12-29 08:35:45.192	INFO net.py: 218: fpn_inner_res5_2_sum        : (2, 256, 28, 40)     => fpn_inner_res4_5_sum_topdown: (2, 256, 56, 80)     ------- (op: UpsampleNearest)
2017-12-29 08:35:45.196	INFO net.py: 218: fpn_inner_res4_5_sum_lateral: (2, 256, 56, 80)     => fpn_inner_res4_5_sum        : (2, 256, 56, 80)     ------- (op: Sum)
2017-12-29 08:35:45.200	INFO net.py: 218: fpn_inner_res4_5_sum_topdown: (2, 256, 56, 80)     => fpn_inner_res4_5_sum        : (2, 256, 56, 80)     ------|
2017-12-29 08:35:45.216	INFO net.py: 218: res3_3_sum                  : (2, 512, 112, 160)   => fpn_inner_res3_3_sum_lateral: (2, 256, 112, 160)   ------- (op: Conv)
2017-12-29 08:35:45.225	INFO net.py: 218: fpn_inner_res4_5_sum        : (2, 256, 56, 80)     => fpn_inner_res3_3_sum_topdown: (2, 256, 112, 160)   ------- (op: UpsampleNearest)
2017-12-29 08:35:45.237	INFO net.py: 218: fpn_inner_res3_3_sum_lateral: (2, 256, 112, 160)   => fpn_inner_res3_3_sum        : (2, 256, 112, 160)   ------- (op: Sum)
2017-12-29 08:35:45.244	INFO net.py: 218: fpn_inner_res3_3_sum_topdown: (2, 256, 112, 160)   => fpn_inner_res3_3_sum        : (2, 256, 112, 160)   ------|
2017-12-29 08:35:45.246	INFO net.py: 218: fpn_inner_res5_2_sum        : (2, 256, 28, 40)     => fpn_res5_2_sum              : (2, 256, 28, 40)     ------- (op: Conv)
2017-12-29 08:35:45.251	INFO net.py: 218: fpn_inner_res4_5_sum        : (2, 256, 56, 80)     => fpn_res4_5_sum              : (2, 256, 56, 80)     ------- (op: Conv)
2017-12-29 08:35:45.264	INFO net.py: 218: fpn_inner_res3_3_sum        : (2, 256, 112, 160)   => fpn_res3_3_sum              : (2, 256, 112, 160)   ------- (op: Conv)
2017-12-29 08:35:45.268	INFO net.py: 218: res5_2_sum                  : (2, 2048, 28, 40)    => fpn_6                       : (2, 256, 14, 20)     ------- (op: Conv)
2017-12-29 08:35:45.271	INFO net.py: 218: fpn_6                       : (2, 256, 14, 20)     => fpn_6_relu                  : (2, 256, 14, 20)     ------- (op: Relu)
2017-12-29 08:35:45.273	INFO net.py: 218: fpn_6_relu                  : (2, 256, 14, 20)     => fpn_7                       : (2, 256, 7, 10)      ------- (op: Conv)
2017-12-29 08:35:45.285	INFO net.py: 218: fpn_res3_3_sum              : (2, 256, 112, 160)   => retnet_cls_conv_n0_fpn3     : (2, 256, 112, 160)   ------- (op: Conv)
2017-12-29 08:35:45.297	INFO net.py: 218: retnet_cls_conv_n0_fpn3     : (2, 256, 112, 160)   => retnet_cls_conv_n0_fpn3     : (2, 256, 112, 160)   ------- (op: Relu)
2017-12-29 08:35:45.309	INFO net.py: 218: retnet_cls_conv_n0_fpn3     : (2, 256, 112, 160)   => retnet_cls_conv_n1_fpn3     : (2, 256, 112, 160)   ------- (op: Conv)
2017-12-29 08:35:45.321	INFO net.py: 218: retnet_cls_conv_n1_fpn3     : (2, 256, 112, 160)   => retnet_cls_conv_n1_fpn3     : (2, 256, 112, 160)   ------- (op: Relu)
2017-12-29 08:35:45.333	INFO net.py: 218: retnet_cls_conv_n1_fpn3     : (2, 256, 112, 160)   => retnet_cls_conv_n2_fpn3     : (2, 256, 112, 160)   ------- (op: Conv)
2017-12-29 08:35:45.345	INFO net.py: 218: retnet_cls_conv_n2_fpn3     : (2, 256, 112, 160)   => retnet_cls_conv_n2_fpn3     : (2, 256, 112, 160)   ------- (op: Relu)
2017-12-29 08:35:45.357	INFO net.py: 218: retnet_cls_conv_n2_fpn3     : (2, 256, 112, 160)   => retnet_cls_conv_n3_fpn3     : (2, 256, 112, 160)   ------- (op: Conv)
2017-12-29 08:35:45.369	INFO net.py: 218: retnet_cls_conv_n3_fpn3     : (2, 256, 112, 160)   => retnet_cls_conv_n3_fpn3     : (2, 256, 112, 160)   ------- (op: Relu)
2017-12-29 08:35:45.389	INFO net.py: 218: retnet_cls_conv_n3_fpn3     : (2, 256, 112, 160)   => retnet_cls_pred_fpn3        : (2, 720, 112, 160)   ------- (op: Conv)
2017-12-29 08:35:45.394	INFO net.py: 218: fpn_res4_5_sum              : (2, 256, 56, 80)     => retnet_cls_conv_n0_fpn4     : (2, 256, 56, 80)     ------- (op: Conv)
2017-12-29 08:35:45.399	INFO net.py: 218: retnet_cls_conv_n0_fpn4     : (2, 256, 56, 80)     => retnet_cls_conv_n0_fpn4     : (2, 256, 56, 80)     ------- (op: Relu)
2017-12-29 08:35:45.403	INFO net.py: 218: retnet_cls_conv_n0_fpn4     : (2, 256, 56, 80)     => retnet_cls_conv_n1_fpn4     : (2, 256, 56, 80)     ------- (op: Conv)
2017-12-29 08:35:45.408	INFO net.py: 218: retnet_cls_conv_n1_fpn4     : (2, 256, 56, 80)     => retnet_cls_conv_n1_fpn4     : (2, 256, 56, 80)     ------- (op: Relu)
2017-12-29 08:35:45.412	INFO net.py: 218: retnet_cls_conv_n1_fpn4     : (2, 256, 56, 80)     => retnet_cls_conv_n2_fpn4     : (2, 256, 56, 80)     ------- (op: Conv)
2017-12-29 08:35:45.417	INFO net.py: 218: retnet_cls_conv_n2_fpn4     : (2, 256, 56, 80)     => retnet_cls_conv_n2_fpn4     : (2, 256, 56, 80)     ------- (op: Relu)
2017-12-29 08:35:45.421	INFO net.py: 218: retnet_cls_conv_n2_fpn4     : (2, 256, 56, 80)     => retnet_cls_conv_n3_fpn4     : (2, 256, 56, 80)     ------- (op: Conv)
2017-12-29 08:35:45.426	INFO net.py: 218: retnet_cls_conv_n3_fpn4     : (2, 256, 56, 80)     => retnet_cls_conv_n3_fpn4     : (2, 256, 56, 80)     ------- (op: Relu)
2017-12-29 08:35:45.433	INFO net.py: 218: retnet_cls_conv_n3_fpn4     : (2, 256, 56, 80)     => retnet_cls_pred_fpn4        : (2, 720, 56, 80)     ------- (op: Conv)
2017-12-29 08:35:45.435	INFO net.py: 218: fpn_res5_2_sum              : (2, 256, 28, 40)     => retnet_cls_conv_n0_fpn5     : (2, 256, 28, 40)     ------- (op: Conv)
2017-12-29 08:35:45.438	INFO net.py: 218: retnet_cls_conv_n0_fpn5     : (2, 256, 28, 40)     => retnet_cls_conv_n0_fpn5     : (2, 256, 28, 40)     ------- (op: Relu)
2017-12-29 08:35:45.441	INFO net.py: 218: retnet_cls_conv_n0_fpn5     : (2, 256, 28, 40)     => retnet_cls_conv_n1_fpn5     : (2, 256, 28, 40)     ------- (op: Conv)
2017-12-29 08:35:45.444	INFO net.py: 218: retnet_cls_conv_n1_fpn5     : (2, 256, 28, 40)     => retnet_cls_conv_n1_fpn5     : (2, 256, 28, 40)     ------- (op: Relu)
2017-12-29 08:35:45.446	INFO net.py: 218: retnet_cls_conv_n1_fpn5     : (2, 256, 28, 40)     => retnet_cls_conv_n2_fpn5     : (2, 256, 28, 40)     ------- (op: Conv)
2017-12-29 08:35:45.449	INFO net.py: 218: retnet_cls_conv_n2_fpn5     : (2, 256, 28, 40)     => retnet_cls_conv_n2_fpn5     : (2, 256, 28, 40)     ------- (op: Relu)
2017-12-29 08:35:45.452	INFO net.py: 218: retnet_cls_conv_n2_fpn5     : (2, 256, 28, 40)     => retnet_cls_conv_n3_fpn5     : (2, 256, 28, 40)     ------- (op: Conv)
2017-12-29 08:35:45.455	INFO net.py: 218: retnet_cls_conv_n3_fpn5     : (2, 256, 28, 40)     => retnet_cls_conv_n3_fpn5     : (2, 256, 28, 40)     ------- (op: Relu)
2017-12-29 08:35:45.458	INFO net.py: 218: retnet_cls_conv_n3_fpn5     : (2, 256, 28, 40)     => retnet_cls_pred_fpn5        : (2, 720, 28, 40)     ------- (op: Conv)
2017-12-29 08:35:45.460	INFO net.py: 218: fpn_6                       : (2, 256, 14, 20)     => retnet_cls_conv_n0_fpn6     : (2, 256, 14, 20)     ------- (op: Conv)
2017-12-29 08:35:45.463	INFO net.py: 218: retnet_cls_conv_n0_fpn6     : (2, 256, 14, 20)     => retnet_cls_conv_n0_fpn6     : (2, 256, 14, 20)     ------- (op: Relu)
2017-12-29 08:35:45.465	INFO net.py: 218: retnet_cls_conv_n0_fpn6     : (2, 256, 14, 20)     => retnet_cls_conv_n1_fpn6     : (2, 256, 14, 20)     ------- (op: Conv)
2017-12-29 08:35:45.467	INFO net.py: 218: retnet_cls_conv_n1_fpn6     : (2, 256, 14, 20)     => retnet_cls_conv_n1_fpn6     : (2, 256, 14, 20)     ------- (op: Relu)
2017-12-29 08:35:45.469	INFO net.py: 218: retnet_cls_conv_n1_fpn6     : (2, 256, 14, 20)     => retnet_cls_conv_n2_fpn6     : (2, 256, 14, 20)     ------- (op: Conv)
2017-12-29 08:35:45.471	INFO net.py: 218: retnet_cls_conv_n2_fpn6     : (2, 256, 14, 20)     => retnet_cls_conv_n2_fpn6     : (2, 256, 14, 20)     ------- (op: Relu)
2017-12-29 08:35:45.473	INFO net.py: 218: retnet_cls_conv_n2_fpn6     : (2, 256, 14, 20)     => retnet_cls_conv_n3_fpn6     : (2, 256, 14, 20)     ------- (op: Conv)
2017-12-29 08:35:45.475	INFO net.py: 218: retnet_cls_conv_n3_fpn6     : (2, 256, 14, 20)     => retnet_cls_conv_n3_fpn6     : (2, 256, 14, 20)     ------- (op: Relu)
2017-12-29 08:35:45.478	INFO net.py: 218: retnet_cls_conv_n3_fpn6     : (2, 256, 14, 20)     => retnet_cls_pred_fpn6        : (2, 720, 14, 20)     ------- (op: Conv)
2017-12-29 08:35:45.480	INFO net.py: 218: fpn_7                       : (2, 256, 7, 10)      => retnet_cls_conv_n0_fpn7     : (2, 256, 7, 10)      ------- (op: Conv)
2017-12-29 08:35:45.482	INFO net.py: 218: retnet_cls_conv_n0_fpn7     : (2, 256, 7, 10)      => retnet_cls_conv_n0_fpn7     : (2, 256, 7, 10)      ------- (op: Relu)
2017-12-29 08:35:45.484	INFO net.py: 218: retnet_cls_conv_n0_fpn7     : (2, 256, 7, 10)      => retnet_cls_conv_n1_fpn7     : (2, 256, 7, 10)      ------- (op: Conv)
2017-12-29 08:35:45.486	INFO net.py: 218: retnet_cls_conv_n1_fpn7     : (2, 256, 7, 10)      => retnet_cls_conv_n1_fpn7     : (2, 256, 7, 10)      ------- (op: Relu)
2017-12-29 08:35:45.488	INFO net.py: 218: retnet_cls_conv_n1_fpn7     : (2, 256, 7, 10)      => retnet_cls_conv_n2_fpn7     : (2, 256, 7, 10)      ------- (op: Conv)
2017-12-29 08:35:45.490	INFO net.py: 218: retnet_cls_conv_n2_fpn7     : (2, 256, 7, 10)      => retnet_cls_conv_n2_fpn7     : (2, 256, 7, 10)      ------- (op: Relu)
2017-12-29 08:35:45.492	INFO net.py: 218: retnet_cls_conv_n2_fpn7     : (2, 256, 7, 10)      => retnet_cls_conv_n3_fpn7     : (2, 256, 7, 10)      ------- (op: Conv)
2017-12-29 08:35:45.494	INFO net.py: 218: retnet_cls_conv_n3_fpn7     : (2, 256, 7, 10)      => retnet_cls_conv_n3_fpn7     : (2, 256, 7, 10)      ------- (op: Relu)
2017-12-29 08:35:45.496	INFO net.py: 218: retnet_cls_conv_n3_fpn7     : (2, 256, 7, 10)      => retnet_cls_pred_fpn7        : (2, 720, 7, 10)      ------- (op: Conv)
2017-12-29 08:35:45.508	INFO net.py: 218: fpn_res3_3_sum              : (2, 256, 112, 160)   => retnet_bbox_conv_n0_fpn3    : (2, 256, 112, 160)   ------- (op: Conv)
2017-12-29 08:35:45.520	INFO net.py: 218: retnet_bbox_conv_n0_fpn3    : (2, 256, 112, 160)   => retnet_bbox_conv_n0_fpn3    : (2, 256, 112, 160)   ------- (op: Relu)
2017-12-29 08:35:45.532	INFO net.py: 218: retnet_bbox_conv_n0_fpn3    : (2, 256, 112, 160)   => retnet_bbox_conv_n1_fpn3    : (2, 256, 112, 160)   ------- (op: Conv)
2017-12-29 08:35:45.544	INFO net.py: 218: retnet_bbox_conv_n1_fpn3    : (2, 256, 112, 160)   => retnet_bbox_conv_n1_fpn3    : (2, 256, 112, 160)   ------- (op: Relu)
2017-12-29 08:35:45.556	INFO net.py: 218: retnet_bbox_conv_n1_fpn3    : (2, 256, 112, 160)   => retnet_bbox_conv_n2_fpn3    : (2, 256, 112, 160)   ------- (op: Conv)
2017-12-29 08:35:45.568	INFO net.py: 218: retnet_bbox_conv_n2_fpn3    : (2, 256, 112, 160)   => retnet_bbox_conv_n2_fpn3    : (2, 256, 112, 160)   ------- (op: Relu)
2017-12-29 08:35:45.579	INFO net.py: 218: retnet_bbox_conv_n2_fpn3    : (2, 256, 112, 160)   => retnet_bbox_conv_n3_fpn3    : (2, 256, 112, 160)   ------- (op: Conv)
2017-12-29 08:35:45.591	INFO net.py: 218: retnet_bbox_conv_n3_fpn3    : (2, 256, 112, 160)   => retnet_bbox_conv_n3_fpn3    : (2, 256, 112, 160)   ------- (op: Relu)
2017-12-29 08:35:45.596	INFO net.py: 218: fpn_res4_5_sum              : (2, 256, 56, 80)     => retnet_bbox_conv_n0_fpn4    : (2, 256, 56, 80)     ------- (op: Conv)
2017-12-29 08:35:45.600	INFO net.py: 218: retnet_bbox_conv_n0_fpn4    : (2, 256, 56, 80)     => retnet_bbox_conv_n0_fpn4    : (2, 256, 56, 80)     ------- (op: Relu)
2017-12-29 08:35:45.605	INFO net.py: 218: retnet_bbox_conv_n0_fpn4    : (2, 256, 56, 80)     => retnet_bbox_conv_n1_fpn4    : (2, 256, 56, 80)     ------- (op: Conv)
2017-12-29 08:35:45.609	INFO net.py: 218: retnet_bbox_conv_n1_fpn4    : (2, 256, 56, 80)     => retnet_bbox_conv_n1_fpn4    : (2, 256, 56, 80)     ------- (op: Relu)
2017-12-29 08:35:45.613	INFO net.py: 218: retnet_bbox_conv_n1_fpn4    : (2, 256, 56, 80)     => retnet_bbox_conv_n2_fpn4    : (2, 256, 56, 80)     ------- (op: Conv)
2017-12-29 08:35:45.618	INFO net.py: 218: retnet_bbox_conv_n2_fpn4    : (2, 256, 56, 80)     => retnet_bbox_conv_n2_fpn4    : (2, 256, 56, 80)     ------- (op: Relu)
2017-12-29 08:35:45.622	INFO net.py: 218: retnet_bbox_conv_n2_fpn4    : (2, 256, 56, 80)     => retnet_bbox_conv_n3_fpn4    : (2, 256, 56, 80)     ------- (op: Conv)
2017-12-29 08:35:45.626	INFO net.py: 218: retnet_bbox_conv_n3_fpn4    : (2, 256, 56, 80)     => retnet_bbox_conv_n3_fpn4    : (2, 256, 56, 80)     ------- (op: Relu)
2017-12-29 08:35:45.629	INFO net.py: 218: fpn_res5_2_sum              : (2, 256, 28, 40)     => retnet_bbox_conv_n0_fpn5    : (2, 256, 28, 40)     ------- (op: Conv)
2017-12-29 08:35:45.632	INFO net.py: 218: retnet_bbox_conv_n0_fpn5    : (2, 256, 28, 40)     => retnet_bbox_conv_n0_fpn5    : (2, 256, 28, 40)     ------- (op: Relu)
2017-12-29 08:35:45.635	INFO net.py: 218: retnet_bbox_conv_n0_fpn5    : (2, 256, 28, 40)     => retnet_bbox_conv_n1_fpn5    : (2, 256, 28, 40)     ------- (op: Conv)
2017-12-29 08:35:45.637	INFO net.py: 218: retnet_bbox_conv_n1_fpn5    : (2, 256, 28, 40)     => retnet_bbox_conv_n1_fpn5    : (2, 256, 28, 40)     ------- (op: Relu)
2017-12-29 08:35:45.640	INFO net.py: 218: retnet_bbox_conv_n1_fpn5    : (2, 256, 28, 40)     => retnet_bbox_conv_n2_fpn5    : (2, 256, 28, 40)     ------- (op: Conv)
2017-12-29 08:35:45.643	INFO net.py: 218: retnet_bbox_conv_n2_fpn5    : (2, 256, 28, 40)     => retnet_bbox_conv_n2_fpn5    : (2, 256, 28, 40)     ------- (op: Relu)
2017-12-29 08:35:45.645	INFO net.py: 218: retnet_bbox_conv_n2_fpn5    : (2, 256, 28, 40)     => retnet_bbox_conv_n3_fpn5    : (2, 256, 28, 40)     ------- (op: Conv)
2017-12-29 08:35:45.648	INFO net.py: 218: retnet_bbox_conv_n3_fpn5    : (2, 256, 28, 40)     => retnet_bbox_conv_n3_fpn5    : (2, 256, 28, 40)     ------- (op: Relu)
2017-12-29 08:35:45.650	INFO net.py: 218: fpn_6                       : (2, 256, 14, 20)     => retnet_bbox_conv_n0_fpn6    : (2, 256, 14, 20)     ------- (op: Conv)
2017-12-29 08:35:45.652	INFO net.py: 218: retnet_bbox_conv_n0_fpn6    : (2, 256, 14, 20)     => retnet_bbox_conv_n0_fpn6    : (2, 256, 14, 20)     ------- (op: Relu)
2017-12-29 08:35:45.655	INFO net.py: 218: retnet_bbox_conv_n0_fpn6    : (2, 256, 14, 20)     => retnet_bbox_conv_n1_fpn6    : (2, 256, 14, 20)     ------- (op: Conv)
2017-12-29 08:35:45.657	INFO net.py: 218: retnet_bbox_conv_n1_fpn6    : (2, 256, 14, 20)     => retnet_bbox_conv_n1_fpn6    : (2, 256, 14, 20)     ------- (op: Relu)
2017-12-29 08:35:45.659	INFO net.py: 218: retnet_bbox_conv_n1_fpn6    : (2, 256, 14, 20)     => retnet_bbox_conv_n2_fpn6    : (2, 256, 14, 20)     ------- (op: Conv)
2017-12-29 08:35:45.661	INFO net.py: 218: retnet_bbox_conv_n2_fpn6    : (2, 256, 14, 20)     => retnet_bbox_conv_n2_fpn6    : (2, 256, 14, 20)     ------- (op: Relu)
2017-12-29 08:35:45.663	INFO net.py: 218: retnet_bbox_conv_n2_fpn6    : (2, 256, 14, 20)     => retnet_bbox_conv_n3_fpn6    : (2, 256, 14, 20)     ------- (op: Conv)
2017-12-29 08:35:45.666	INFO net.py: 218: retnet_bbox_conv_n3_fpn6    : (2, 256, 14, 20)     => retnet_bbox_conv_n3_fpn6    : (2, 256, 14, 20)     ------- (op: Relu)
2017-12-29 08:35:45.667	INFO net.py: 218: fpn_7                       : (2, 256, 7, 10)      => retnet_bbox_conv_n0_fpn7    : (2, 256, 7, 10)      ------- (op: Conv)
2017-12-29 08:35:45.670	INFO net.py: 218: retnet_bbox_conv_n0_fpn7    : (2, 256, 7, 10)      => retnet_bbox_conv_n0_fpn7    : (2, 256, 7, 10)      ------- (op: Relu)
2017-12-29 08:35:45.671	INFO net.py: 218: retnet_bbox_conv_n0_fpn7    : (2, 256, 7, 10)      => retnet_bbox_conv_n1_fpn7    : (2, 256, 7, 10)      ------- (op: Conv)
2017-12-29 08:35:45.673	INFO net.py: 218: retnet_bbox_conv_n1_fpn7    : (2, 256, 7, 10)      => retnet_bbox_conv_n1_fpn7    : (2, 256, 7, 10)      ------- (op: Relu)
2017-12-29 08:35:45.675	INFO net.py: 218: retnet_bbox_conv_n1_fpn7    : (2, 256, 7, 10)      => retnet_bbox_conv_n2_fpn7    : (2, 256, 7, 10)      ------- (op: Conv)
2017-12-29 08:35:45.677	INFO net.py: 218: retnet_bbox_conv_n2_fpn7    : (2, 256, 7, 10)      => retnet_bbox_conv_n2_fpn7    : (2, 256, 7, 10)      ------- (op: Relu)
2017-12-29 08:35:45.679	INFO net.py: 218: retnet_bbox_conv_n2_fpn7    : (2, 256, 7, 10)      => retnet_bbox_conv_n3_fpn7    : (2, 256, 7, 10)      ------- (op: Conv)
2017-12-29 08:35:45.681	INFO net.py: 218: retnet_bbox_conv_n3_fpn7    : (2, 256, 7, 10)      => retnet_bbox_conv_n3_fpn7    : (2, 256, 7, 10)      ------- (op: Relu)
2017-12-29 08:35:45.689	INFO net.py: 218: retnet_bbox_conv_n3_fpn3    : (2, 256, 112, 160)   => retnet_bbox_pred_fpn3       : (2, 36, 112, 160)    ------- (op: Conv)
2017-12-29 08:35:45.692	INFO net.py: 218: retnet_bbox_conv_n3_fpn4    : (2, 256, 56, 80)     => retnet_bbox_pred_fpn4       : (2, 36, 56, 80)      ------- (op: Conv)
2017-12-29 08:35:45.695	INFO net.py: 218: retnet_bbox_conv_n3_fpn5    : (2, 256, 28, 40)     => retnet_bbox_pred_fpn5       : (2, 36, 28, 40)      ------- (op: Conv)
2017-12-29 08:35:45.697	INFO net.py: 218: retnet_bbox_conv_n3_fpn6    : (2, 256, 14, 20)     => retnet_bbox_pred_fpn6       : (2, 36, 14, 20)      ------- (op: Conv)
2017-12-29 08:35:45.699	INFO net.py: 218: retnet_bbox_conv_n3_fpn7    : (2, 256, 7, 10)      => retnet_bbox_pred_fpn7       : (2, 36, 7, 10)       ------- (op: Conv)
2017-12-29 08:35:45.702	INFO net.py: 218: retnet_bbox_pred_fpn3       : (2, 36, 112, 160)    => retnet_loss_bbox_fpn3       : ()                   ------- (op: SelectSmoothL1Loss)
2017-12-29 08:35:45.704	INFO net.py: 218: retnet_roi_bbox_targets_fpn3: (0, 4)               => retnet_loss_bbox_fpn3       : ()                   ------|
2017-12-29 08:35:45.706	INFO net.py: 218: retnet_roi_fg_bbox_locs_fpn3: (0, 4)               => retnet_loss_bbox_fpn3       : ()                   ------|
2017-12-29 08:35:45.707	INFO net.py: 218: retnet_fg_num               : (1,)                 => retnet_loss_bbox_fpn3       : ()                   ------|
2017-12-29 08:35:45.709	INFO net.py: 218: retnet_bbox_pred_fpn4       : (2, 36, 56, 80)      => retnet_loss_bbox_fpn4       : ()                   ------- (op: SelectSmoothL1Loss)
2017-12-29 08:35:45.711	INFO net.py: 218: retnet_roi_bbox_targets_fpn4: (56, 4)              => retnet_loss_bbox_fpn4       : ()                   ------|
2017-12-29 08:35:45.713	INFO net.py: 218: retnet_roi_fg_bbox_locs_fpn4: (56, 4)              => retnet_loss_bbox_fpn4       : ()                   ------|
2017-12-29 08:35:45.714	INFO net.py: 218: retnet_fg_num               : (1,)                 => retnet_loss_bbox_fpn4       : ()                   ------|
2017-12-29 08:35:45.716	INFO net.py: 218: retnet_bbox_pred_fpn5       : (2, 36, 28, 40)      => retnet_loss_bbox_fpn5       : ()                   ------- (op: SelectSmoothL1Loss)
2017-12-29 08:35:45.718	INFO net.py: 218: retnet_roi_bbox_targets_fpn5: (105, 4)             => retnet_loss_bbox_fpn5       : ()                   ------|
2017-12-29 08:35:45.720	INFO net.py: 218: retnet_roi_fg_bbox_locs_fpn5: (105, 4)             => retnet_loss_bbox_fpn5       : ()                   ------|
2017-12-29 08:35:45.722	INFO net.py: 218: retnet_fg_num               : (1,)                 => retnet_loss_bbox_fpn5       : ()                   ------|
2017-12-29 08:35:45.723	INFO net.py: 218: retnet_bbox_pred_fpn6       : (2, 36, 14, 20)      => retnet_loss_bbox_fpn6       : ()                   ------- (op: SelectSmoothL1Loss)
2017-12-29 08:35:45.725	INFO net.py: 218: retnet_roi_bbox_targets_fpn6: (77, 4)              => retnet_loss_bbox_fpn6       : ()                   ------|
2017-12-29 08:35:45.727	INFO net.py: 218: retnet_roi_fg_bbox_locs_fpn6: (77, 4)              => retnet_loss_bbox_fpn6       : ()                   ------|
2017-12-29 08:35:45.729	INFO net.py: 218: retnet_fg_num               : (1,)                 => retnet_loss_bbox_fpn6       : ()                   ------|
2017-12-29 08:35:45.730	INFO net.py: 218: retnet_bbox_pred_fpn7       : (2, 36, 7, 10)       => retnet_loss_bbox_fpn7       : ()                   ------- (op: SelectSmoothL1Loss)
2017-12-29 08:35:45.732	INFO net.py: 218: retnet_roi_bbox_targets_fpn7: (10, 4)              => retnet_loss_bbox_fpn7       : ()                   ------|
2017-12-29 08:35:45.733	INFO net.py: 218: retnet_roi_fg_bbox_locs_fpn7: (10, 4)              => retnet_loss_bbox_fpn7       : ()                   ------|
2017-12-29 08:35:45.735	INFO net.py: 218: retnet_fg_num               : (1,)                 => retnet_loss_bbox_fpn7       : ()                   ------|
2017-12-29 08:35:45.750	INFO net.py: 218: retnet_cls_pred_fpn3        : (2, 720, 112, 160)   => fl_fpn3                     : ()                   ------- (op: SigmoidFocalLoss)
2017-12-29 08:35:45.752	INFO net.py: 218: retnet_cls_labels_fpn3      : (2, 9, 112, 160)     => fl_fpn3                     : ()                   ------|
2017-12-29 08:35:45.753	INFO net.py: 218: retnet_fg_num               : (1,)                 => fl_fpn3                     : ()                   ------|
2017-12-29 08:35:45.759	INFO net.py: 218: retnet_cls_pred_fpn4        : (2, 720, 56, 80)     => fl_fpn4                     : ()                   ------- (op: SigmoidFocalLoss)
2017-12-29 08:35:45.760	INFO net.py: 218: retnet_cls_labels_fpn4      : (2, 9, 56, 80)       => fl_fpn4                     : ()                   ------|
2017-12-29 08:35:45.762	INFO net.py: 218: retnet_fg_num               : (1,)                 => fl_fpn4                     : ()                   ------|
2017-12-29 08:35:45.764	INFO net.py: 218: retnet_cls_pred_fpn5        : (2, 720, 28, 40)     => fl_fpn5                     : ()                   ------- (op: SigmoidFocalLoss)
2017-12-29 08:35:45.766	INFO net.py: 218: retnet_cls_labels_fpn5      : (2, 9, 28, 40)       => fl_fpn5                     : ()                   ------|
2017-12-29 08:35:45.768	INFO net.py: 218: retnet_fg_num               : (1,)                 => fl_fpn5                     : ()                   ------|
2017-12-29 08:35:45.770	INFO net.py: 218: retnet_cls_pred_fpn6        : (2, 720, 14, 20)     => fl_fpn6                     : ()                   ------- (op: SigmoidFocalLoss)
2017-12-29 08:35:45.771	INFO net.py: 218: retnet_cls_labels_fpn6      : (2, 9, 14, 20)       => fl_fpn6                     : ()                   ------|
2017-12-29 08:35:45.773	INFO net.py: 218: retnet_fg_num               : (1,)                 => fl_fpn6                     : ()                   ------|
2017-12-29 08:35:45.775	INFO net.py: 218: retnet_cls_pred_fpn7        : (2, 720, 7, 10)      => fl_fpn7                     : ()                   ------- (op: SigmoidFocalLoss)
2017-12-29 08:35:45.776	INFO net.py: 218: retnet_cls_labels_fpn7      : (2, 9, 7, 10)        => fl_fpn7                     : ()                   ------|
2017-12-29 08:35:45.778	INFO net.py: 218: retnet_fg_num               : (1,)                 => fl_fpn7                     : ()                   ------|
2017-12-29 08:35:45.789	INFO net.py: 218: retnet_loss_bbox_fpn3       : ()                   => __m7_shared                 : (2, 512, 112, 160)   ------- (op: ConstantFill)
2017-12-29 08:35:45.797	INFO net.py: 218: retnet_loss_bbox_fpn4       : ()                   => __m16_shared                : (2, 1024, 56, 80)    ------- (op: ConstantFill)
2017-12-29 08:35:45.799	INFO net.py: 218: retnet_loss_bbox_fpn5       : ()                   => __m22_shared                : (2, 256, 28, 40)     ------- (op: ConstantFill)
2017-12-29 08:35:45.803	INFO net.py: 218: retnet_loss_bbox_fpn6       : ()                   => __m14_shared                : (2, 2048, 28, 40)    ------- (op: ConstantFill)
2017-12-29 08:35:45.805	INFO net.py: 218: retnet_loss_bbox_fpn7       : ()                   => __m18_shared                : (2, 256, 7, 10)      ------- (op: ConstantFill)
2017-12-29 08:35:45.812	INFO net.py: 218: fl_fpn3                     : ()                   => __m11_shared                : (2, 256, 112, 160)   ------- (op: ConstantFill)
2017-12-29 08:35:45.815	INFO net.py: 218: fl_fpn4                     : ()                   => __m0_shared                 : (2, 256, 56, 80)     ------- (op: ConstantFill)
2017-12-29 08:35:45.817	INFO net.py: 218: fl_fpn5                     : ()                   => __m23_shared                : (2, 256, 28, 40)     ------- (op: ConstantFill)
2017-12-29 08:35:45.819	INFO net.py: 218: fl_fpn6                     : ()                   => __m5_shared                 : (2, 256, 14, 20)     ------- (op: ConstantFill)
2017-12-29 08:35:45.820	INFO net.py: 218: fl_fpn7                     : ()                   => __m2_shared                 : (2, 256, 7, 10)      ------- (op: ConstantFill)
2017-12-29 08:35:45.837	INFO net.py: 218: retnet_cls_pred_fpn7        : (2, 720, 7, 10)      => __m3_shared                 : (2, 256, 7, 10)      ------- (op: SigmoidFocalLossGradient)
2017-12-29 08:35:45.838	INFO net.py: 218: retnet_cls_labels_fpn7      : (2, 9, 7, 10)        => __m3_shared                 : (2, 256, 7, 10)      ------|
2017-12-29 08:35:45.840	INFO net.py: 218: retnet_fg_num               : (1,)                 => __m3_shared                 : (2, 256, 7, 10)      ------|
2017-12-29 08:35:45.842	INFO net.py: 218: __m2_shared                 : (2, 256, 7, 10)      => __m3_shared                 : (2, 256, 7, 10)      ------|
2017-12-29 08:35:45.844	INFO net.py: 218: retnet_cls_pred_fpn6        : (2, 720, 14, 20)     => __m4_shared                 : (2, 256, 14, 20)     ------- (op: SigmoidFocalLossGradient)
2017-12-29 08:35:45.845	INFO net.py: 218: retnet_cls_labels_fpn6      : (2, 9, 14, 20)       => __m4_shared                 : (2, 256, 14, 20)     ------|
2017-12-29 08:35:45.847	INFO net.py: 218: retnet_fg_num               : (1,)                 => __m4_shared                 : (2, 256, 14, 20)     ------|
2017-12-29 08:35:45.849	INFO net.py: 218: __m5_shared                 : (2, 256, 14, 20)     => __m4_shared                 : (2, 256, 14, 20)     ------|
2017-12-29 08:35:45.852	INFO net.py: 218: retnet_cls_pred_fpn5        : (2, 720, 28, 40)     => __m13_shared                : (2, 256, 28, 40)     ------- (op: SigmoidFocalLossGradient)
2017-12-29 08:35:45.853	INFO net.py: 218: retnet_cls_labels_fpn5      : (2, 9, 28, 40)       => __m13_shared                : (2, 256, 28, 40)     ------|
2017-12-29 08:35:45.855	INFO net.py: 218: retnet_fg_num               : (1,)                 => __m13_shared                : (2, 256, 28, 40)     ------|
2017-12-29 08:35:45.857	INFO net.py: 218: __m23_shared                : (2, 256, 28, 40)     => __m13_shared                : (2, 256, 28, 40)     ------|
2017-12-29 08:35:45.864	INFO net.py: 218: retnet_cls_pred_fpn4        : (2, 720, 56, 80)     => __m1_shared                 : (2, 256, 56, 80)     ------- (op: SigmoidFocalLossGradient)
2017-12-29 08:35:45.866	INFO net.py: 218: retnet_cls_labels_fpn4      : (2, 9, 56, 80)       => __m1_shared                 : (2, 256, 56, 80)     ------|
2017-12-29 08:35:45.868	INFO net.py: 218: retnet_fg_num               : (1,)                 => __m1_shared                 : (2, 256, 56, 80)     ------|
2017-12-29 08:35:45.871	INFO net.py: 218: __m0_shared                 : (2, 256, 56, 80)     => __m1_shared                 : (2, 256, 56, 80)     ------|
2017-12-29 08:35:45.891	INFO net.py: 218: retnet_cls_pred_fpn3        : (2, 720, 112, 160)   => __m10_shared                : (2, 256, 112, 160)   ------- (op: SigmoidFocalLossGradient)
2017-12-29 08:35:45.893	INFO net.py: 218: retnet_cls_labels_fpn3      : (2, 9, 112, 160)     => __m10_shared                : (2, 256, 112, 160)   ------|
2017-12-29 08:35:45.895	INFO net.py: 218: retnet_fg_num               : (1,)                 => __m10_shared                : (2, 256, 112, 160)   ------|
2017-12-29 08:35:45.901	INFO net.py: 218: __m11_shared                : (2, 256, 112, 160)   => __m10_shared                : (2, 256, 112, 160)   ------|
2017-12-29 08:35:45.903	INFO net.py: 218: retnet_bbox_pred_fpn7       : (2, 36, 7, 10)       => __m20_shared                : (2, 256, 14, 20)     ------- (op: SelectSmoothL1LossGradient)
2017-12-29 08:35:45.905	INFO net.py: 218: retnet_roi_bbox_targets_fpn7: (10, 4)              => __m20_shared                : (2, 256, 14, 20)     ------|
2017-12-29 08:35:45.907	INFO net.py: 218: retnet_roi_fg_bbox_locs_fpn7: (10, 4)              => __m20_shared                : (2, 256, 14, 20)     ------|
2017-12-29 08:35:45.908	INFO net.py: 218: retnet_fg_num               : (1,)                 => __m20_shared                : (2, 256, 14, 20)     ------|
2017-12-29 08:35:45.910	INFO net.py: 218: __m18_shared                : (2, 256, 7, 10)      => __m20_shared                : (2, 256, 14, 20)     ------|
2017-12-29 08:35:45.914	INFO net.py: 218: retnet_bbox_pred_fpn6       : (2, 36, 14, 20)      => __m15_shared                : (2, 2048, 28, 40)    ------- (op: SelectSmoothL1LossGradient)
2017-12-29 08:35:45.916	INFO net.py: 218: retnet_roi_bbox_targets_fpn6: (77, 4)              => __m15_shared                : (2, 2048, 28, 40)    ------|
2017-12-29 08:35:45.918	INFO net.py: 218: retnet_roi_fg_bbox_locs_fpn6: (77, 4)              => __m15_shared                : (2, 2048, 28, 40)    ------|
2017-12-29 08:35:45.919	INFO net.py: 218: retnet_fg_num               : (1,)                 => __m15_shared                : (2, 2048, 28, 40)    ------|
2017-12-29 08:35:45.924	INFO net.py: 218: __m14_shared                : (2, 2048, 28, 40)    => __m15_shared                : (2, 2048, 28, 40)    ------|
2017-12-29 08:35:45.926	INFO net.py: 218: retnet_bbox_pred_fpn5       : (2, 36, 28, 40)      => __m24_shared                : (2, 256, 28, 40)     ------- (op: SelectSmoothL1LossGradient)
2017-12-29 08:35:45.927	INFO net.py: 218: retnet_roi_bbox_targets_fpn5: (105, 4)             => __m24_shared                : (2, 256, 28, 40)     ------|
2017-12-29 08:35:45.929	INFO net.py: 218: retnet_roi_fg_bbox_locs_fpn5: (105, 4)             => __m24_shared                : (2, 256, 28, 40)     ------|
2017-12-29 08:35:45.931	INFO net.py: 218: retnet_fg_num               : (1,)                 => __m24_shared                : (2, 256, 28, 40)     ------|
2017-12-29 08:35:45.933	INFO net.py: 218: __m22_shared                : (2, 256, 28, 40)     => __m24_shared                : (2, 256, 28, 40)     ------|
2017-12-29 08:35:45.936	INFO net.py: 218: retnet_bbox_pred_fpn4       : (2, 36, 56, 80)      => __m21_shared                : (2, 256, 56, 80)     ------- (op: SelectSmoothL1LossGradient)
2017-12-29 08:35:45.938	INFO net.py: 218: retnet_roi_bbox_targets_fpn4: (56, 4)              => __m21_shared                : (2, 256, 56, 80)     ------|
2017-12-29 08:35:45.939	INFO net.py: 218: retnet_roi_fg_bbox_locs_fpn4: (56, 4)              => __m21_shared                : (2, 256, 56, 80)     ------|
2017-12-29 08:35:45.941	INFO net.py: 218: retnet_fg_num               : (1,)                 => __m21_shared                : (2, 256, 56, 80)     ------|
2017-12-29 08:35:45.948	INFO net.py: 218: __m16_shared                : (2, 1024, 56, 80)    => __m21_shared                : (2, 256, 56, 80)     ------|
2017-12-29 08:35:45.955	INFO net.py: 218: retnet_bbox_pred_fpn3       : (2, 36, 112, 160)    => __m9_shared                 : (2, 256, 112, 160)   ------- (op: SelectSmoothL1LossGradient)
2017-12-29 08:35:45.957	INFO net.py: 218: retnet_roi_bbox_targets_fpn3: (0, 4)               => __m9_shared                 : (2, 256, 112, 160)   ------|
2017-12-29 08:35:45.959	INFO net.py: 218: retnet_roi_fg_bbox_locs_fpn3: (0, 4)               => __m9_shared                 : (2, 256, 112, 160)   ------|
2017-12-29 08:35:45.960	INFO net.py: 218: retnet_fg_num               : (1,)                 => __m9_shared                 : (2, 256, 112, 160)   ------|
2017-12-29 08:35:45.972	INFO net.py: 218: __m7_shared                 : (2, 512, 112, 160)   => __m9_shared                 : (2, 256, 112, 160)   ------|
2017-12-29 08:35:45.972	INFO net.py: 222: End of model: retinanet

